Procesando registro (intento 1/2): VENTAS,SUMA,HOGARES,FTTH,CC,1000454400,FERNANDO GARCÍA,3145558899,856281300,0201,9050,BOGOTA,ACC12000,Calle 45 #12-34,Plan Básico,No hay conexión,Revisar ONT y reiniciar equipo,ont_error1.png
Procesando Canal: 'VENTAS'
✓ Seleccionado Canal: 'VENTAS'
Procesando Sistema: 'SUMA'
✓ Seleccionado Sistema: 'SUMA'
Procesando UEN: 'HOGARES'
✓ Seleccionado UEN: 'HOGARES'
Procesando Tecnologia: 'FTTH'
✓ Seleccionado Tecnologia: 'FTTH'
Procesando Tipo_Documento_Campo4: 'CC'
✓ Seleccionado Tipo_Documento_Campo4: 'CC'
Procesando Ciudad: 'BOGOTA'
✓ Seleccionado Ciudad: 'BOGOTA'
Procesando registro (intento 2/2): VENTAS,SUMA,HOGARES,FTTH,CC,1000454400,FERNANDO GARCÍA,3145558899,856281300,0201,9050,BOGOTA,ACC12000,Calle 45 #12-34,Plan Básico,No hay conexión,Revisar ONT y reiniciar equipo,ont_error1.png
Procesando registro (intento 1/2): ASEGURAMIENTO,SIEBEL SOMOS Y CONVERGENTE,HOGARES,FTTH,CC,1000454401,MARCELA RODRÍGUEZ,3101234567,856281301,0202,9051,BOGOTA,ACC12001,Cra 10 #23-45,Plan Pro,Cortes esporádicos,Actualizar firmware,firmware_update.png
Procesando registro (intento 2/2): ASEGURAMIENTO,SIEBEL SOMOS Y CONVERGENTE,HOGARES,FTTH,CC,1000454401,MARCELA RODRÍGUEZ,3101234567,856281301,0202,9051,BOGOTA,ACC12001,Cra 10 #23-45,Plan Pro,Cortes esporádicos,Actualizar firmware,firmware_update.png
Procesando registro (intento 1/2): LINEA ESPECIAL,SUMA,HOGARES,FTTH,CC,1000454402,LINA PARRA,3012345678,856281302,0203,9052,BOGOTA,ACC12002,Calle 100 #7-89,Plan Avanzado,Alta latencia,Optimizar red,latency_fix.png
Procesando registro (intento 2/2): LINEA ESPECIAL,SUMA,HOGARES,FTTH,CC,1000454402,LINA PARRA,3012345678,856281302,0203,9052,BOGOTA,ACC12002,Calle 100 #7-89,Plan Avanzado,Alta latencia,Optimizar red,latency_fix.png
Procesando registro (intento 1/2): REDES SOCIALES,SIEBEL SOMOS Y CONVERGENTE,HOGARES,FTTH,CC,1000454403,JULIÁN MEJÍA,3209876543,856281303,0204,9053,BOGOTA,ACC12003,Cra 50 #15-60,Plan Corporativo,Sin respuesta en router,Reemplazo de router,router_change.png
Procesando registro (intento 2/2): REDES SOCIALES,SIEBEL SOMOS Y CONVERGENTE,HOGARES,FTTH,CC,1000454403,JULIÁN MEJÍA,3209876543,856281303,0204,9053,BOGOTA,ACC12003,Cra 50 #15-60,Plan Corporativo,Sin respuesta en router,Reemplazo de router,router_change.png
Procesando registro (intento 1/2): CANAL DIGITAL,SUMA,HOGARES,FTTH,CC,1000454404,SANDRA FONSECA,3187654321,856281304,0205,9054,BOGOTA,ACC12004,Calle 80 #10-15,Plan Básico,Error DNS,Reconfigurar DNS,dns_fix.png
Procesando registro (intento 2/2): CANAL DIGITAL,SUMA,HOGARES,FTTH,CC,1000454404,SANDRA FONSECA,3187654321,856281304,0205,9054,BOGOTA,ACC12004,Calle 80 #10-15,Plan Básico,Error DNS,Reconfigurar DNS,dns_fix.png
Procesando registro (intento 1/2): ESCRITA,SUMA,HOGARES,FTTH,CC,1000454405,LUIS ZAPATA,3134567890,856281305,0206,9055,BOGOTA,ACC12005,Cra 40 #22-33,Plan Avanzado,Desincronización,Reiniciar ONT,sync_issue.png
Procesando registro (intento 2/2): ESCRITA,SUMA,HOGARES,FTTH,CC,1000454405,LUIS ZAPATA,3134567890,856281305,0206,9055,BOGOTA,ACC12005,Cra 40 #22-33,Plan Avanzado,Desincronización,Reiniciar ONT,sync_issue.png
Procesando registro (intento 1/2): VENTAS,SUMA,HOGARES,FTTH,CC,1000454406,ANA BELTRÁN,3191122334,856281306,0207,9056,BOGOTA,ACC12006,Calle 60 #20-22,Plan Pro,No navega en páginas https,Verificar puertos y firewall,https_blocked.png
Procesando registro (intento 2/2): VENTAS,SUMA,HOGARES,FTTH,CC,1000454406,ANA BELTRÁN,3191122334,856281306,0207,9056,BOGOTA,ACC12006,Calle 60 #20-22,Plan Pro,No navega en páginas https,Verificar puertos y firewall,https_blocked.png
Procesando registro (intento 1/2): LINEA ESPECIAL,SIEBEL SOMOS Y CONVERGENTE,HOGARES,FTTH,CC,1000454407,CRISTIAN VÉLEZ,3059988776,856281307,0208,9057,BOGOTA,ACC12007,Cra 33 #44-55,Plan Básico,Servicio muy lento,Cambio de canal WiFi,wifi_channel.png
Procesando registro (intento 2/2): LINEA ESPECIAL,SIEBEL SOMOS Y CONVERGENTE,HOGARES,FTTH,CC,1000454407,CRISTIAN VÉLEZ,3059988776,856281307,0208,9057,BOGOTA,ACC12007,Cra 33 #44-55,Plan Básico,Servicio muy lento,Cambio de canal WiFi,wifi_channel.png
Procesando registro (intento 1/2): ASEGURAMIENTO,SUMA,HOGARES,FTTH,CC,1000454408,PAULA NIETO,3173344556,856281308,0209,9058,BOGOTA,ACC12008,Calle 25 #66-77,Plan Avanzado,LED rojo en ONT,Validar fibra óptica,red_led.png
Procesando registro (intento 2/2): ASEGURAMIENTO,SUMA,HOGARES,FTTH,CC,1000454408,PAULA NIETO,3173344556,856281308,0209,9058,BOGOTA,ACC12008,Calle 25 #66-77,Plan Avanzado,LED rojo en ONT,Validar fibra óptica,red_led.png
Procesando registro (intento 1/2): REDES SOCIALES,SUMA,HOGARES,FTTH,CC,1000454409,JORGE LIZARAZO,3167788990,856281309,0210,9059,BOGOTA,ACC12009,Cra 15 #88-99,Plan Corporativo,Problemas en videollamadas,Asignar nuevo gateway,videocall_issue.png"videocall_issue.png
Procesando registro (intento 2/2): REDES SOCIALES,SUMA,HOGARES,FTTH,CC,1000454409,JORGE LIZARAZO,3167788990,856281309,0210,9059,BOGOTA,ACC12009,Cra 15 #88-99,Plan Corporativo,Problemas en videollamadas,Asignar nuevo gateway,videocall_issue.png"videocall_issue.png
Procesando registro (intento 1/2): VENTAS,SUMA,HOGARES,FTTH,CC,1000454400,FERNANDO GARCÍA,3145558899,856281300,0201,9050,BOGOTA,ADECUACIONES,ACC12000,Calle 45 #12-34,Plan Básico,No hay conexión,Revisar ONT y reiniciar equipo,ont_error1.png
Procesando Canal: 'VENTAS'
✓ Seleccionado Canal: 'VENTAS'
Procesando Sistema: 'SUMA'
✓ Seleccionado Sistema: 'SUMA'
Procesando UEN: 'HOGARES'
✓ Seleccionado UEN: 'HOGARES'
Procesando Tecnologia: 'FTTH'
✓ Seleccionado Tecnologia: 'FTTH'
Procesando Tipo_Documento_Campo4: 'CC'
✓ Seleccionado Tipo_Documento_Campo4: 'CC'
Procesando Ciudad: 'BOGOTA'
✓ Seleccionado Ciudad: 'BOGOTA'
✓ Registro procesado exitosamente: VENTAS,SUMA,HOGARES,FTTH,CC,1000454400,FERNANDO GARCÍA,3145558899,856281300,0201,9050,BOGOTA,ADECUACIONES,ACC12000,Calle 45 #12-34,Plan Básico,No hay conexión,Revisar ONT y reiniciar equipo,ont_error1.png
✓ Registro guardado en Gestiones_Realizadas.csv
Procesando registro (intento 1/2): ASEGURAMIENTO,SIEBEL SOMOS Y CONVERGENTE,HOGARES,FTTH,CC,1000454401,MARCELA RODRÍGUEZ,3101234567,856281301,0202,9051,BOGOTA,ACC12001,Cra 10 #23-45,Plan Pro,Cortes esporádicos,Actualizar firmware,firmware_update.png
Procesando Canal: 'ASEGURAMIENTO'
✓ Seleccionado Canal: 'ASEGURAMIENTO'
Procesando Sistema: 'SIEBEL SOMOS Y CONVERGENTE'
Error en dropdown Sistema: invalid session id: session deleted as the browser has closed the connection
from disconnected: not connected to DevTools
  (Session info: chrome=136.0.7103.114)
Procesando UEN: 'HOGARES'
Error en dropdown UEN: invalid session id
Procesando Tecnologia: 'FTTH'
Error en dropdown Tecnologia: invalid session id
Procesando Tipo_Documento_Campo4: 'CC'
Error en dropdown Tipo_Documento_Campo4: invalid session id
Procesando Ciudad: 'BOGOTA'
Error en dropdown Ciudad: invalid session id
Procesando registro (intento 2/2): ASEGURAMIENTO,SIEBEL SOMOS Y CONVERGENTE,HOGARES,FTTH,CC,1000454401,MARCELA RODRÍGUEZ,3101234567,856281301,0202,9051,BOGOTA,ACC12001,Cra 10 #23-45,Plan Pro,Cortes esporádicos,Actualizar firmware,firmware_update.png
Procesando registro (intento 1/2): LINEA ESPECIAL,SUMA,HOGARES,FTTH,CC,1000454402,LINA PARRA,3012345678,856281302,0203,9052,BOGOTA,ADECUACIONES,ACC12002,Calle 100 #7-89,Plan Avanzado,Alta latencia,Optimizar red,latency_fix.png
Procesando registro (intento 2/2): LINEA ESPECIAL,SUMA,HOGARES,FTTH,CC,1000454402,LINA PARRA,3012345678,856281302,0203,9052,BOGOTA,ADECUACIONES,ACC12002,Calle 100 #7-89,Plan Avanzado,Alta latencia,Optimizar red,latency_fix.png
Procesando registro (intento 1/2): REDES SOCIALES,SIEBEL SOMOS Y CONVERGENTE,HOGARES,FTTH,CC,1000454403,JULIÁN MEJÍA,3209876543,856281303,0204,9053,BOGOTA,ADECUACIONES,ACC12003,Cra 50 #15-60,Plan Corporativo,Sin respuesta en router,Reemplazo de router,router_change.png
Procesando registro (intento 2/2): REDES SOCIALES,SIEBEL SOMOS Y CONVERGENTE,HOGARES,FTTH,CC,1000454403,JULIÁN MEJÍA,3209876543,856281303,0204,9053,BOGOTA,ADECUACIONES,ACC12003,Cra 50 #15-60,Plan Corporativo,Sin respuesta en router,Reemplazo de router,router_change.png
Procesando registro (intento 1/2): CANAL DIGITAL,SUMA,HOGARES,FTTH,CC,1000454404,SANDRA FONSECA,3187654321,856281304,0205,9054,BOGOTA,ADECUACIONES,ACC12004,Calle 80 #10-15,Plan Básico,Error DNS,Reconfigurar DNS,dns_fix.png
Procesando registro (intento 2/2): CANAL DIGITAL,SUMA,HOGARES,FTTH,CC,1000454404,SANDRA FONSECA,3187654321,856281304,0205,9054,BOGOTA,ADECUACIONES,ACC12004,Calle 80 #10-15,Plan Básico,Error DNS,Reconfigurar DNS,dns_fix.png
Procesando registro (intento 1/2): ESCRITA,SUMA,HOGARES,FTTH,CC,1000454405,LUIS ZAPATA,3134567890,856281305,0206,9055,BOGOTA,ADECUACIONES,ACC12005,Cra 40 #22-33,Plan Avanzado,Desincronización,Reiniciar ONT,sync_issue.png
Procesando registro (intento 2/2): ESCRITA,SUMA,HOGARES,FTTH,CC,1000454405,LUIS ZAPATA,3134567890,856281305,0206,9055,BOGOTA,ADECUACIONES,ACC12005,Cra 40 #22-33,Plan Avanzado,Desincronización,Reiniciar ONT,sync_issue.png
Procesando registro (intento 1/2): VENTAS,SUMA,HOGARES,FTTH,CC,1000454406,ANA BELTRÁN,3191122334,856281306,0207,9056,BOGOTA,ADECUACIONES,ACC12006,Calle 60 #20-22,Plan Pro,No navega en páginas https,Verificar puertos y firewall,https_blocked.png
Procesando registro (intento 2/2): VENTAS,SUMA,HOGARES,FTTH,CC,1000454406,ANA BELTRÁN,3191122334,856281306,0207,9056,BOGOTA,ADECUACIONES,ACC12006,Calle 60 #20-22,Plan Pro,No navega en páginas https,Verificar puertos y firewall,https_blocked.png
Procesando registro (intento 1/2): LINEA ESPECIAL,SIEBEL SOMOS Y CONVERGENTE,HOGARES,FTTH,CC,1000454407,CRISTIAN VÉLEZ,3059988776,856281307,0208,9057,BOGOTA,ADECUACIONES,ACC12007,Cra 33 #44-55,Plan Básico,Servicio muy lento,Cambio de canal WiFi,wifi_channel.png
Procesando registro (intento 2/2): LINEA ESPECIAL,SIEBEL SOMOS Y CONVERGENTE,HOGARES,FTTH,CC,1000454407,CRISTIAN VÉLEZ,3059988776,856281307,0208,9057,BOGOTA,ADECUACIONES,ACC12007,Cra 33 #44-55,Plan Básico,Servicio muy lento,Cambio de canal WiFi,wifi_channel.png
Procesando registro (intento 1/2): ASEGURAMIENTO,SUMA,HOGARES,FTTH,CC,1000454408,PAULA NIETO,3173344556,856281308,0209,9058,BOGOTA,ADECUACIONES,ACC12008,Calle 25 #66-77,Plan Avanzado,LED rojo en ONT,Validar fibra óptica,red_led.png
Procesando registro (intento 2/2): ASEGURAMIENTO,SUMA,HOGARES,FTTH,CC,1000454408,PAULA NIETO,3173344556,856281308,0209,9058,BOGOTA,ADECUACIONES,ACC12008,Calle 25 #66-77,Plan Avanzado,LED rojo en ONT,Validar fibra óptica,red_led.png
Procesando registro (intento 1/2): REDES SOCIALES,SUMA,HOGARES,FTTH,CC,1000454409,JORGE LIZARAZO,3167788990,856281309,0210,9059,BOGOTA,ADECUACIONES,ACC12009,Cra 15 #88-99,Plan Corporativo,Problemas en videollamadas,Asignar nuevo gateway,videocall_issue.png
Procesando registro (intento 2/2): REDES SOCIALES,SUMA,HOGARES,FTTH,CC,1000454409,JORGE LIZARAZO,3167788990,856281309,0210,9059,BOGOTA,ADECUACIONES,ACC12009,Cra 15 #88-99,Plan Corporativo,Problemas en videollamadas,Asignar nuevo gateway,videocall_issue.png
✓ Archivo process.csv actualizado, eliminadas 1 líneas procesadas
Procesando registro (intento 1/2): ASEGURAMIENTO,SIEBEL SOMOS Y CONVERGENTE,HOGARES,FTTH,CC,1000454401,MARCELA RODRÍGUEZ,3101234567,856281301,0202,9051,BOGOTA,ACC12001,Cra 10 #23-45,Plan Pro,Cortes esporádicos,Actualizar firmware,firmware_update.png
Procesando Canal: 'ASEGURAMIENTO'
✓ Seleccionado Canal: 'ASEGURAMIENTO'
Procesando Sistema: 'SIEBEL SOMOS Y CONVERGENTE'
✓ Seleccionado Sistema: 'SIEBEL SOMOS Y CONVERGENTE'
Procesando UEN: 'HOGARES'
✓ Seleccionado UEN: 'HOGARES'
Procesando Tecnologia: 'FTTH'
✓ Seleccionado Tecnologia: 'FTTH'
Procesando Tipo_Documento_Campo4: 'CC'
✓ Seleccionado Tipo_Documento_Campo4: 'CC'
Procesando Ciudad: 'BOGOTA'
✓ Seleccionado Ciudad: 'BOGOTA'
Procesando registro (intento 2/2): ASEGURAMIENTO,SIEBEL SOMOS Y CONVERGENTE,HOGARES,FTTH,CC,1000454401,MARCELA RODRÍGUEZ,3101234567,856281301,0202,9051,BOGOTA,ACC12001,Cra 10 #23-45,Plan Pro,Cortes esporádicos,Actualizar firmware,firmware_update.png
Procesando registro (intento 1/2): LINEA ESPECIAL,SUMA,HOGARES,FTTH,CC,1000454402,LINA PARRA,3012345678,856281302,0203,9052,BOGOTA,ADECUACIONES,ACC12002,Calle 100 #7-89,Plan Avanzado,Alta latencia,Optimizar red,latency_fix.png
Procesando registro (intento 2/2): LINEA ESPECIAL,SUMA,HOGARES,FTTH,CC,1000454402,LINA PARRA,3012345678,856281302,0203,9052,BOGOTA,ADECUACIONES,ACC12002,Calle 100 #7-89,Plan Avanzado,Alta latencia,Optimizar red,latency_fix.png
Procesando registro (intento 1/2): REDES SOCIALES,SIEBEL SOMOS Y CONVERGENTE,HOGARES,FTTH,CC,1000454403,JULIÁN MEJÍA,3209876543,856281303,0204,9053,BOGOTA,ADECUACIONES,ACC12003,Cra 50 #15-60,Plan Corporativo,Sin respuesta en router,Reemplazo de router,router_change.png
Procesando registro (intento 2/2): REDES SOCIALES,SIEBEL SOMOS Y CONVERGENTE,HOGARES,FTTH,CC,1000454403,JULIÁN MEJÍA,3209876543,856281303,0204,9053,BOGOTA,ADECUACIONES,ACC12003,Cra 50 #15-60,Plan Corporativo,Sin respuesta en router,Reemplazo de router,router_change.png
Procesando registro (intento 1/2): CANAL DIGITAL,SUMA,HOGARES,FTTH,CC,1000454404,SANDRA FONSECA,3187654321,856281304,0205,9054,BOGOTA,ADECUACIONES,ACC12004,Calle 80 #10-15,Plan Básico,Error DNS,Reconfigurar DNS,dns_fix.png
Procesando registro (intento 2/2): CANAL DIGITAL,SUMA,HOGARES,FTTH,CC,1000454404,SANDRA FONSECA,3187654321,856281304,0205,9054,BOGOTA,ADECUACIONES,ACC12004,Calle 80 #10-15,Plan Básico,Error DNS,Reconfigurar DNS,dns_fix.png
Procesando registro (intento 1/2): ESCRITA,SUMA,HOGARES,FTTH,CC,1000454405,LUIS ZAPATA,3134567890,856281305,0206,9055,BOGOTA,ADECUACIONES,ACC12005,Cra 40 #22-33,Plan Avanzado,Desincronización,Reiniciar ONT,sync_issue.png
Procesando registro (intento 2/2): ESCRITA,SUMA,HOGARES,FTTH,CC,1000454405,LUIS ZAPATA,3134567890,856281305,0206,9055,BOGOTA,ADECUACIONES,ACC12005,Cra 40 #22-33,Plan Avanzado,Desincronización,Reiniciar ONT,sync_issue.png
Procesando registro (intento 1/2): VENTAS,SUMA,HOGARES,FTTH,CC,1000454406,ANA BELTRÁN,3191122334,856281306,0207,9056,BOGOTA,ADECUACIONES,ACC12006,Calle 60 #20-22,Plan Pro,No navega en páginas https,Verificar puertos y firewall,https_blocked.png
Procesando registro (intento 2/2): VENTAS,SUMA,HOGARES,FTTH,CC,1000454406,ANA BELTRÁN,3191122334,856281306,0207,9056,BOGOTA,ADECUACIONES,ACC12006,Calle 60 #20-22,Plan Pro,No navega en páginas https,Verificar puertos y firewall,https_blocked.png
Procesando registro (intento 1/2): LINEA ESPECIAL,SIEBEL SOMOS Y CONVERGENTE,HOGARES,FTTH,CC,1000454407,CRISTIAN VÉLEZ,3059988776,856281307,0208,9057,BOGOTA,ADECUACIONES,ACC12007,Cra 33 #44-55,Plan Básico,Servicio muy lento,Cambio de canal WiFi,wifi_channel.png
Procesando registro (intento 2/2): LINEA ESPECIAL,SIEBEL SOMOS Y CONVERGENTE,HOGARES,FTTH,CC,1000454407,CRISTIAN VÉLEZ,3059988776,856281307,0208,9057,BOGOTA,ADECUACIONES,ACC12007,Cra 33 #44-55,Plan Básico,Servicio muy lento,Cambio de canal WiFi,wifi_channel.png
Procesando registro (intento 1/2): ASEGURAMIENTO,SUMA,HOGARES,FTTH,CC,1000454408,PAULA NIETO,3173344556,856281308,0209,9058,BOGOTA,ADECUACIONES,ACC12008,Calle 25 #66-77,Plan Avanzado,LED rojo en ONT,Validar fibra óptica,red_led.png
Procesando registro (intento 2/2): ASEGURAMIENTO,SUMA,HOGARES,FTTH,CC,1000454408,PAULA NIETO,3173344556,856281308,0209,9058,BOGOTA,ADECUACIONES,ACC12008,Calle 25 #66-77,Plan Avanzado,LED rojo en ONT,Validar fibra óptica,red_led.png
Procesando registro (intento 1/2): REDES SOCIALES,SUMA,HOGARES,FTTH,CC,1000454409,JORGE LIZARAZO,3167788990,856281309,0210,9059,BOGOTA,ADECUACIONES,ACC12009,Cra 15 #88-99,Plan Corporativo,Problemas en videollamadas,Asignar nuevo gateway,videocall_issue.png
Procesando registro (intento 2/2): REDES SOCIALES,SUMA,HOGARES,FTTH,CC,1000454409,JORGE LIZARAZO,3167788990,856281309,0210,9059,BOGOTA,ADECUACIONES,ACC12009,Cra 15 #88-99,Plan Corporativo,Problemas en videollamadas,Asignar nuevo gateway,videocall_issue.png
Procesando registro (intento 1/2): ASEGURAMIENTO,SIEBEL SOMOS Y CONVERGENTE,HOGARES,FTTH,CC,1000454401,MARCELA RODRÍGUEZ,3101234567,856281301,0202,9051,BOGOTA,ACC12001,Cra 10 #23-45,Plan Pro,Cortes esporádicos,Actualizar firmware,firmware_update.png
Procesando Canal: 'ASEGURAMIENTO'
✓ Seleccionado Canal: 'ASEGURAMIENTO'
Procesando Sistema: 'SIEBEL SOMOS Y CONVERGENTE'
✓ Seleccionado Sistema: 'SIEBEL SOMOS Y CONVERGENTE'
Procesando UEN: 'HOGARES'
✓ Seleccionado UEN: 'HOGARES'
Procesando Tecnologia: 'FTTH'
✓ Seleccionado Tecnologia: 'FTTH'
Procesando Tipo_Documento_Campo4: 'CC'
✓ Seleccionado Tipo_Documento_Campo4: 'CC'
Procesando Ciudad: 'BOGOTA'
✓ Seleccionado Ciudad: 'BOGOTA'
Procesando registro (intento 2/2): ASEGURAMIENTO,SIEBEL SOMOS Y CONVERGENTE,HOGARES,FTTH,CC,1000454401,MARCELA RODRÍGUEZ,3101234567,856281301,0202,9051,BOGOTA,ACC12001,Cra 10 #23-45,Plan Pro,Cortes esporádicos,Actualizar firmware,firmware_update.png
Procesando registro (intento 1/2): LINEA ESPECIAL,SUMA,HOGARES,FTTH,CC,1000454402,LINA PARRA,3012345678,856281302,0203,9052,BOGOTA,ADECUACIONES,ACC12002,Calle 100 #7-89,Plan Avanzado,Alta latencia,Optimizar red,latency_fix.png
Procesando registro (intento 2/2): LINEA ESPECIAL,SUMA,HOGARES,FTTH,CC,1000454402,LINA PARRA,3012345678,856281302,0203,9052,BOGOTA,ADECUACIONES,ACC12002,Calle 100 #7-89,Plan Avanzado,Alta latencia,Optimizar red,latency_fix.png
Procesando registro (intento 1/2): REDES SOCIALES,SIEBEL SOMOS Y CONVERGENTE,HOGARES,FTTH,CC,1000454403,JULIÁN MEJÍA,3209876543,856281303,0204,9053,BOGOTA,ADECUACIONES,ACC12003,Cra 50 #15-60,Plan Corporativo,Sin respuesta en router,Reemplazo de router,router_change.png
Procesando registro (intento 2/2): REDES SOCIALES,SIEBEL SOMOS Y CONVERGENTE,HOGARES,FTTH,CC,1000454403,JULIÁN MEJÍA,3209876543,856281303,0204,9053,BOGOTA,ADECUACIONES,ACC12003,Cra 50 #15-60,Plan Corporativo,Sin respuesta en router,Reemplazo de router,router_change.png
Procesando registro (intento 1/2): CANAL DIGITAL,SUMA,HOGARES,FTTH,CC,1000454404,SANDRA FONSECA,3187654321,856281304,0205,9054,BOGOTA,ADECUACIONES,ACC12004,Calle 80 #10-15,Plan Básico,Error DNS,Reconfigurar DNS,dns_fix.png
Procesando registro (intento 2/2): CANAL DIGITAL,SUMA,HOGARES,FTTH,CC,1000454404,SANDRA FONSECA,3187654321,856281304,0205,9054,BOGOTA,ADECUACIONES,ACC12004,Calle 80 #10-15,Plan Básico,Error DNS,Reconfigurar DNS,dns_fix.png
Procesando registro (intento 1/2): ESCRITA,SUMA,HOGARES,FTTH,CC,1000454405,LUIS ZAPATA,3134567890,856281305,0206,9055,BOGOTA,ADECUACIONES,ACC12005,Cra 40 #22-33,Plan Avanzado,Desincronización,Reiniciar ONT,sync_issue.png
Procesando registro (intento 2/2): ESCRITA,SUMA,HOGARES,FTTH,CC,1000454405,LUIS ZAPATA,3134567890,856281305,0206,9055,BOGOTA,ADECUACIONES,ACC12005,Cra 40 #22-33,Plan Avanzado,Desincronización,Reiniciar ONT,sync_issue.png
Procesando registro (intento 1/2): VENTAS,SUMA,HOGARES,FTTH,CC,1000454406,ANA BELTRÁN,3191122334,856281306,0207,9056,BOGOTA,ADECUACIONES,ACC12006,Calle 60 #20-22,Plan Pro,No navega en páginas https,Verificar puertos y firewall,https_blocked.png
Procesando registro (intento 2/2): VENTAS,SUMA,HOGARES,FTTH,CC,1000454406,ANA BELTRÁN,3191122334,856281306,0207,9056,BOGOTA,ADECUACIONES,ACC12006,Calle 60 #20-22,Plan Pro,No navega en páginas https,Verificar puertos y firewall,https_blocked.png
Procesando registro (intento 1/2): LINEA ESPECIAL,SIEBEL SOMOS Y CONVERGENTE,HOGARES,FTTH,CC,1000454407,CRISTIAN VÉLEZ,3059988776,856281307,0208,9057,BOGOTA,ADECUACIONES,ACC12007,Cra 33 #44-55,Plan Básico,Servicio muy lento,Cambio de canal WiFi,wifi_channel.png
Procesando registro (intento 2/2): LINEA ESPECIAL,SIEBEL SOMOS Y CONVERGENTE,HOGARES,FTTH,CC,1000454407,CRISTIAN VÉLEZ,3059988776,856281307,0208,9057,BOGOTA,ADECUACIONES,ACC12007,Cra 33 #44-55,Plan Básico,Servicio muy lento,Cambio de canal WiFi,wifi_channel.png
Procesando registro (intento 1/2): ASEGURAMIENTO,SUMA,HOGARES,FTTH,CC,1000454408,PAULA NIETO,3173344556,856281308,0209,9058,BOGOTA,ADECUACIONES,ACC12008,Calle 25 #66-77,Plan Avanzado,LED rojo en ONT,Validar fibra óptica,red_led.png
Procesando registro (intento 2/2): ASEGURAMIENTO,SUMA,HOGARES,FTTH,CC,1000454408,PAULA NIETO,3173344556,856281308,0209,9058,BOGOTA,ADECUACIONES,ACC12008,Calle 25 #66-77,Plan Avanzado,LED rojo en ONT,Validar fibra óptica,red_led.png
Procesando registro (intento 1/2): REDES SOCIALES,SUMA,HOGARES,FTTH,CC,1000454409,JORGE LIZARAZO,3167788990,856281309,0210,9059,BOGOTA,ADECUACIONES,ACC12009,Cra 15 #88-99,Plan Corporativo,Problemas en videollamadas,Asignar nuevo gateway,videocall_issue.png
Procesando registro (intento 2/2): REDES SOCIALES,SUMA,HOGARES,FTTH,CC,1000454409,JORGE LIZARAZO,3167788990,856281309,0210,9059,BOGOTA,ADECUACIONES,ACC12009,Cra 15 #88-99,Plan Corporativo,Problemas en videollamadas,Asignar nuevo gateway,videocall_issue.png
Procesando registro (intento 1/2): ASEGURAMIENTO,SIEBEL SOMOS Y CONVERGENTE,HOGARES,FTTH,CC,1000454401,MARCELA RODRÍGUEZ,3101234567,856281301,0202,9051,BOGOTA,ACC12001,Cra 10 #23-45,Plan Pro,Cortes esporádicos,Actualizar firmware,firmware_update.png
Procesando Canal: 'ASEGURAMIENTO'
✓ Seleccionado Canal: 'ASEGURAMIENTO'
Procesando Sistema: 'SIEBEL SOMOS Y CONVERGENTE'
✓ Seleccionado Sistema: 'SIEBEL SOMOS Y CONVERGENTE'
Procesando UEN: 'HOGARES'
✓ Seleccionado UEN: 'HOGARES'
Procesando Tecnologia: 'FTTH'
✓ Seleccionado Tecnologia: 'FTTH'
Procesando Tipo_Documento_Campo4: 'CC'
✓ Seleccionado Tipo_Documento_Campo4: 'CC'
Procesando Ciudad: 'BOGOTA'
✓ Seleccionado Ciudad: 'BOGOTA'
Procesando registro (intento 2/2): ASEGURAMIENTO,SIEBEL SOMOS Y CONVERGENTE,HOGARES,FTTH,CC,1000454401,MARCELA RODRÍGUEZ,3101234567,856281301,0202,9051,BOGOTA,ACC12001,Cra 10 #23-45,Plan Pro,Cortes esporádicos,Actualizar firmware,firmware_update.png
Procesando registro (intento 1/2): LINEA ESPECIAL,SUMA,HOGARES,FTTH,CC,1000454402,LINA PARRA,3012345678,856281302,0203,9052,BOGOTA,ADECUACIONES,ACC12002,Calle 100 #7-89,Plan Avanzado,Alta latencia,Optimizar red,latency_fix.png
Procesando registro (intento 2/2): LINEA ESPECIAL,SUMA,HOGARES,FTTH,CC,1000454402,LINA PARRA,3012345678,856281302,0203,9052,BOGOTA,ADECUACIONES,ACC12002,Calle 100 #7-89,Plan Avanzado,Alta latencia,Optimizar red,latency_fix.png
Procesando registro (intento 1/2): REDES SOCIALES,SIEBEL SOMOS Y CONVERGENTE,HOGARES,FTTH,CC,1000454403,JULIÁN MEJÍA,3209876543,856281303,0204,9053,BOGOTA,ADECUACIONES,ACC12003,Cra 50 #15-60,Plan Corporativo,Sin respuesta en router,Reemplazo de router,router_change.png
Procesando registro (intento 2/2): REDES SOCIALES,SIEBEL SOMOS Y CONVERGENTE,HOGARES,FTTH,CC,1000454403,JULIÁN MEJÍA,3209876543,856281303,0204,9053,BOGOTA,ADECUACIONES,ACC12003,Cra 50 #15-60,Plan Corporativo,Sin respuesta en router,Reemplazo de router,router_change.png
Procesando registro (intento 1/2): CANAL DIGITAL,SUMA,HOGARES,FTTH,CC,1000454404,SANDRA FONSECA,3187654321,856281304,0205,9054,BOGOTA,ADECUACIONES,ACC12004,Calle 80 #10-15,Plan Básico,Error DNS,Reconfigurar DNS,dns_fix.png
Procesando registro (intento 2/2): CANAL DIGITAL,SUMA,HOGARES,FTTH,CC,1000454404,SANDRA FONSECA,3187654321,856281304,0205,9054,BOGOTA,ADECUACIONES,ACC12004,Calle 80 #10-15,Plan Básico,Error DNS,Reconfigurar DNS,dns_fix.png
Procesando registro (intento 1/2): ESCRITA,SUMA,HOGARES,FTTH,CC,1000454405,LUIS ZAPATA,3134567890,856281305,0206,9055,BOGOTA,ADECUACIONES,ACC12005,Cra 40 #22-33,Plan Avanzado,Desincronización,Reiniciar ONT,sync_issue.png
Procesando registro (intento 2/2): ESCRITA,SUMA,HOGARES,FTTH,CC,1000454405,LUIS ZAPATA,3134567890,856281305,0206,9055,BOGOTA,ADECUACIONES,ACC12005,Cra 40 #22-33,Plan Avanzado,Desincronización,Reiniciar ONT,sync_issue.png
Procesando registro (intento 1/2): VENTAS,SUMA,HOGARES,FTTH,CC,1000454406,ANA BELTRÁN,3191122334,856281306,0207,9056,BOGOTA,ADECUACIONES,ACC12006,Calle 60 #20-22,Plan Pro,No navega en páginas https,Verificar puertos y firewall,https_blocked.png
Procesando registro (intento 2/2): VENTAS,SUMA,HOGARES,FTTH,CC,1000454406,ANA BELTRÁN,3191122334,856281306,0207,9056,BOGOTA,ADECUACIONES,ACC12006,Calle 60 #20-22,Plan Pro,No navega en páginas https,Verificar puertos y firewall,https_blocked.png
Procesando registro (intento 1/2): LINEA ESPECIAL,SIEBEL SOMOS Y CONVERGENTE,HOGARES,FTTH,CC,1000454407,CRISTIAN VÉLEZ,3059988776,856281307,0208,9057,BOGOTA,ADECUACIONES,ACC12007,Cra 33 #44-55,Plan Básico,Servicio muy lento,Cambio de canal WiFi,wifi_channel.png
Procesando registro (intento 2/2): LINEA ESPECIAL,SIEBEL SOMOS Y CONVERGENTE,HOGARES,FTTH,CC,1000454407,CRISTIAN VÉLEZ,3059988776,856281307,0208,9057,BOGOTA,ADECUACIONES,ACC12007,Cra 33 #44-55,Plan Básico,Servicio muy lento,Cambio de canal WiFi,wifi_channel.png
Procesando registro (intento 1/2): ASEGURAMIENTO,SUMA,HOGARES,FTTH,CC,1000454408,PAULA NIETO,3173344556,856281308,0209,9058,BOGOTA,ADECUACIONES,ACC12008,Calle 25 #66-77,Plan Avanzado,LED rojo en ONT,Validar fibra óptica,red_led.png
Procesando registro (intento 2/2): ASEGURAMIENTO,SUMA,HOGARES,FTTH,CC,1000454408,PAULA NIETO,3173344556,856281308,0209,9058,BOGOTA,ADECUACIONES,ACC12008,Calle 25 #66-77,Plan Avanzado,LED rojo en ONT,Validar fibra óptica,red_led.png
Procesando registro (intento 1/2): REDES SOCIALES,SUMA,HOGARES,FTTH,CC,1000454409,JORGE LIZARAZO,3167788990,856281309,0210,9059,BOGOTA,ADECUACIONES,ACC12009,Cra 15 #88-99,Plan Corporativo,Problemas en videollamadas,Asignar nuevo gateway,videocall_issue.png
Procesando registro (intento 2/2): REDES SOCIALES,SUMA,HOGARES,FTTH,CC,1000454409,JORGE LIZARAZO,3167788990,856281309,0210,9059,BOGOTA,ADECUACIONES,ACC12009,Cra 15 #88-99,Plan Corporativo,Problemas en videollamadas,Asignar nuevo gateway,videocall_issue.png
Procesando registro (intento 1/2): ASEGURAMIENTO,SIEBEL SOMOS Y CONVERGENTE,HOGARES,FTTH,CC,1000454401,MARCELA RODRÍGUEZ,3101234567,856281301,0202,9051,BOGOTA,ACC12001,Cra 10 #23-45,Plan Pro,Cortes esporádicos,Actualizar firmware,firmware_update.png
Procesando Canal: 'ASEGURAMIENTO'
✓ Seleccionado Canal: 'ASEGURAMIENTO'
Procesando Sistema: 'SIEBEL SOMOS Y CONVERGENTE'
✓ Seleccionado Sistema: 'SIEBEL SOMOS Y CONVERGENTE'
Procesando UEN: 'HOGARES'
✓ Seleccionado UEN: 'HOGARES'
Procesando Tecnologia: 'FTTH'
✓ Seleccionado Tecnologia: 'FTTH'
Procesando Tipo_Documento_Campo4: 'CC'
✓ Seleccionado Tipo_Documento_Campo4: 'CC'
Procesando Ciudad: 'BOGOTA'
✓ Seleccionado Ciudad: 'BOGOTA'
Procesando registro (intento 2/2): ASEGURAMIENTO,SIEBEL SOMOS Y CONVERGENTE,HOGARES,FTTH,CC,1000454401,MARCELA RODRÍGUEZ,3101234567,856281301,0202,9051,BOGOTA,ACC12001,Cra 10 #23-45,Plan Pro,Cortes esporádicos,Actualizar firmware,firmware_update.png
Procesando registro (intento 1/2): LINEA ESPECIAL,SUMA,HOGARES,FTTH,CC,1000454402,LINA PARRA,3012345678,856281302,0203,9052,BOGOTA,ADECUACIONES,ACC12002,Calle 100 #7-89,Plan Avanzado,Alta latencia,Optimizar red,latency_fix.png
Procesando registro (intento 2/2): LINEA ESPECIAL,SUMA,HOGARES,FTTH,CC,1000454402,LINA PARRA,3012345678,856281302,0203,9052,BOGOTA,ADECUACIONES,ACC12002,Calle 100 #7-89,Plan Avanzado,Alta latencia,Optimizar red,latency_fix.png
Procesando registro (intento 1/2): REDES SOCIALES,SIEBEL SOMOS Y CONVERGENTE,HOGARES,FTTH,CC,1000454403,JULIÁN MEJÍA,3209876543,856281303,0204,9053,BOGOTA,ADECUACIONES,ACC12003,Cra 50 #15-60,Plan Corporativo,Sin respuesta en router,Reemplazo de router,router_change.png
Procesando registro (intento 2/2): REDES SOCIALES,SIEBEL SOMOS Y CONVERGENTE,HOGARES,FTTH,CC,1000454403,JULIÁN MEJÍA,3209876543,856281303,0204,9053,BOGOTA,ADECUACIONES,ACC12003,Cra 50 #15-60,Plan Corporativo,Sin respuesta en router,Reemplazo de router,router_change.png
Procesando registro (intento 1/2): CANAL DIGITAL,SUMA,HOGARES,FTTH,CC,1000454404,SANDRA FONSECA,3187654321,856281304,0205,9054,BOGOTA,ADECUACIONES,ACC12004,Calle 80 #10-15,Plan Básico,Error DNS,Reconfigurar DNS,dns_fix.png
Procesando registro (intento 2/2): CANAL DIGITAL,SUMA,HOGARES,FTTH,CC,1000454404,SANDRA FONSECA,3187654321,856281304,0205,9054,BOGOTA,ADECUACIONES,ACC12004,Calle 80 #10-15,Plan Básico,Error DNS,Reconfigurar DNS,dns_fix.png
Procesando registro (intento 1/2): ESCRITA,SUMA,HOGARES,FTTH,CC,1000454405,LUIS ZAPATA,3134567890,856281305,0206,9055,BOGOTA,ADECUACIONES,ACC12005,Cra 40 #22-33,Plan Avanzado,Desincronización,Reiniciar ONT,sync_issue.png
Procesando registro (intento 2/2): ESCRITA,SUMA,HOGARES,FTTH,CC,1000454405,LUIS ZAPATA,3134567890,856281305,0206,9055,BOGOTA,ADECUACIONES,ACC12005,Cra 40 #22-33,Plan Avanzado,Desincronización,Reiniciar ONT,sync_issue.png
Procesando registro (intento 1/2): VENTAS,SUMA,HOGARES,FTTH,CC,1000454406,ANA BELTRÁN,3191122334,856281306,0207,9056,BOGOTA,ADECUACIONES,ACC12006,Calle 60 #20-22,Plan Pro,No navega en páginas https,Verificar puertos y firewall,https_blocked.png
Procesando registro (intento 2/2): VENTAS,SUMA,HOGARES,FTTH,CC,1000454406,ANA BELTRÁN,3191122334,856281306,0207,9056,BOGOTA,ADECUACIONES,ACC12006,Calle 60 #20-22,Plan Pro,No navega en páginas https,Verificar puertos y firewall,https_blocked.png
Procesando registro (intento 1/2): LINEA ESPECIAL,SIEBEL SOMOS Y CONVERGENTE,HOGARES,FTTH,CC,1000454407,CRISTIAN VÉLEZ,3059988776,856281307,0208,9057,BOGOTA,ADECUACIONES,ACC12007,Cra 33 #44-55,Plan Básico,Servicio muy lento,Cambio de canal WiFi,wifi_channel.png
Procesando registro (intento 2/2): LINEA ESPECIAL,SIEBEL SOMOS Y CONVERGENTE,HOGARES,FTTH,CC,1000454407,CRISTIAN VÉLEZ,3059988776,856281307,0208,9057,BOGOTA,ADECUACIONES,ACC12007,Cra 33 #44-55,Plan Básico,Servicio muy lento,Cambio de canal WiFi,wifi_channel.png
Procesando registro (intento 1/2): ASEGURAMIENTO,SUMA,HOGARES,FTTH,CC,1000454408,PAULA NIETO,3173344556,856281308,0209,9058,BOGOTA,ADECUACIONES,ACC12008,Calle 25 #66-77,Plan Avanzado,LED rojo en ONT,Validar fibra óptica,red_led.png
Procesando registro (intento 2/2): ASEGURAMIENTO,SUMA,HOGARES,FTTH,CC,1000454408,PAULA NIETO,3173344556,856281308,0209,9058,BOGOTA,ADECUACIONES,ACC12008,Calle 25 #66-77,Plan Avanzado,LED rojo en ONT,Validar fibra óptica,red_led.png
Procesando registro (intento 1/2): REDES SOCIALES,SUMA,HOGARES,FTTH,CC,1000454409,JORGE LIZARAZO,3167788990,856281309,0210,9059,BOGOTA,ADECUACIONES,ACC12009,Cra 15 #88-99,Plan Corporativo,Problemas en videollamadas,Asignar nuevo gateway,videocall_issue.png
Procesando registro (intento 2/2): REDES SOCIALES,SUMA,HOGARES,FTTH,CC,1000454409,JORGE LIZARAZO,3167788990,856281309,0210,9059,BOGOTA,ADECUACIONES,ACC12009,Cra 15 #88-99,Plan Corporativo,Problemas en videollamadas,Asignar nuevo gateway,videocall_issue.png
Procesando registro (intento 1/2): ASEGURAMIENTO,SIEBEL SOMOS Y CONVERGENTE,HOGARES,FTTH,CC,1000454401,MARCELA RODRÍGUEZ,3101234567,856281301,0202,9051,BOGOTA,ACC12001,Cra 10 #23-45,Plan Pro,Cortes esporádicos,Actualizar firmware,firmware_update.png
Procesando Canal: 'ASEGURAMIENTO'
✓ Seleccionado Canal: 'ASEGURAMIENTO'
Procesando Sistema: 'SIEBEL SOMOS Y CONVERGENTE'
✓ Seleccionado Sistema: 'SIEBEL SOMOS Y CONVERGENTE'
Procesando UEN: 'HOGARES'
✓ Seleccionado UEN: 'HOGARES'
Procesando Tecnologia: 'FTTH'
✓ Seleccionado Tecnologia: 'FTTH'
Procesando Tipo_Documento_Campo4: 'CC'
✓ Seleccionado Tipo_Documento_Campo4: 'CC'
Procesando Ciudad: 'BOGOTA'
✓ Seleccionado Ciudad: 'BOGOTA'
Procesando registro (intento 2/2): ASEGURAMIENTO,SIEBEL SOMOS Y CONVERGENTE,HOGARES,FTTH,CC,1000454401,MARCELA RODRÍGUEZ,3101234567,856281301,0202,9051,BOGOTA,ACC12001,Cra 10 #23-45,Plan Pro,Cortes esporádicos,Actualizar firmware,firmware_update.png
Procesando registro (intento 1/2): LINEA ESPECIAL,SUMA,HOGARES,FTTH,CC,1000454402,LINA PARRA,3012345678,856281302,0203,9052,BOGOTA,ADECUACIONES,ACC12002,Calle 100 #7-89,Plan Avanzado,Alta latencia,Optimizar red,latency_fix.png
Procesando registro (intento 2/2): LINEA ESPECIAL,SUMA,HOGARES,FTTH,CC,1000454402,LINA PARRA,3012345678,856281302,0203,9052,BOGOTA,ADECUACIONES,ACC12002,Calle 100 #7-89,Plan Avanzado,Alta latencia,Optimizar red,latency_fix.png
Procesando registro (intento 1/2): REDES SOCIALES,SIEBEL SOMOS Y CONVERGENTE,HOGARES,FTTH,CC,1000454403,JULIÁN MEJÍA,3209876543,856281303,0204,9053,BOGOTA,ADECUACIONES,ACC12003,Cra 50 #15-60,Plan Corporativo,Sin respuesta en router,Reemplazo de router,router_change.png
Procesando registro (intento 2/2): REDES SOCIALES,SIEBEL SOMOS Y CONVERGENTE,HOGARES,FTTH,CC,1000454403,JULIÁN MEJÍA,3209876543,856281303,0204,9053,BOGOTA,ADECUACIONES,ACC12003,Cra 50 #15-60,Plan Corporativo,Sin respuesta en router,Reemplazo de router,router_change.png
Procesando registro (intento 1/2): CANAL DIGITAL,SUMA,HOGARES,FTTH,CC,1000454404,SANDRA FONSECA,3187654321,856281304,0205,9054,BOGOTA,ADECUACIONES,ACC12004,Calle 80 #10-15,Plan Básico,Error DNS,Reconfigurar DNS,dns_fix.png
Procesando registro (intento 2/2): CANAL DIGITAL,SUMA,HOGARES,FTTH,CC,1000454404,SANDRA FONSECA,3187654321,856281304,0205,9054,BOGOTA,ADECUACIONES,ACC12004,Calle 80 #10-15,Plan Básico,Error DNS,Reconfigurar DNS,dns_fix.png
Procesando registro (intento 1/2): ESCRITA,SUMA,HOGARES,FTTH,CC,1000454405,LUIS ZAPATA,3134567890,856281305,0206,9055,BOGOTA,ADECUACIONES,ACC12005,Cra 40 #22-33,Plan Avanzado,Desincronización,Reiniciar ONT,sync_issue.png
Procesando registro (intento 2/2): ESCRITA,SUMA,HOGARES,FTTH,CC,1000454405,LUIS ZAPATA,3134567890,856281305,0206,9055,BOGOTA,ADECUACIONES,ACC12005,Cra 40 #22-33,Plan Avanzado,Desincronización,Reiniciar ONT,sync_issue.png
Procesando registro (intento 1/2): VENTAS,SUMA,HOGARES,FTTH,CC,1000454406,ANA BELTRÁN,3191122334,856281306,0207,9056,BOGOTA,ADECUACIONES,ACC12006,Calle 60 #20-22,Plan Pro,No navega en páginas https,Verificar puertos y firewall,https_blocked.png
Procesando registro (intento 2/2): VENTAS,SUMA,HOGARES,FTTH,CC,1000454406,ANA BELTRÁN,3191122334,856281306,0207,9056,BOGOTA,ADECUACIONES,ACC12006,Calle 60 #20-22,Plan Pro,No navega en páginas https,Verificar puertos y firewall,https_blocked.png
Procesando registro (intento 1/2): LINEA ESPECIAL,SIEBEL SOMOS Y CONVERGENTE,HOGARES,FTTH,CC,1000454407,CRISTIAN VÉLEZ,3059988776,856281307,0208,9057,BOGOTA,ADECUACIONES,ACC12007,Cra 33 #44-55,Plan Básico,Servicio muy lento,Cambio de canal WiFi,wifi_channel.png
Procesando registro (intento 2/2): LINEA ESPECIAL,SIEBEL SOMOS Y CONVERGENTE,HOGARES,FTTH,CC,1000454407,CRISTIAN VÉLEZ,3059988776,856281307,0208,9057,BOGOTA,ADECUACIONES,ACC12007,Cra 33 #44-55,Plan Básico,Servicio muy lento,Cambio de canal WiFi,wifi_channel.png
Procesando registro (intento 1/2): ASEGURAMIENTO,SUMA,HOGARES,FTTH,CC,1000454408,PAULA NIETO,3173344556,856281308,0209,9058,BOGOTA,ADECUACIONES,ACC12008,Calle 25 #66-77,Plan Avanzado,LED rojo en ONT,Validar fibra óptica,red_led.png
Procesando registro (intento 2/2): ASEGURAMIENTO,SUMA,HOGARES,FTTH,CC,1000454408,PAULA NIETO,3173344556,856281308,0209,9058,BOGOTA,ADECUACIONES,ACC12008,Calle 25 #66-77,Plan Avanzado,LED rojo en ONT,Validar fibra óptica,red_led.png
Procesando registro (intento 1/2): REDES SOCIALES,SUMA,HOGARES,FTTH,CC,1000454409,JORGE LIZARAZO,3167788990,856281309,0210,9059,BOGOTA,ADECUACIONES,ACC12009,Cra 15 #88-99,Plan Corporativo,Problemas en videollamadas,Asignar nuevo gateway,videocall_issue.png
Procesando registro (intento 2/2): REDES SOCIALES,SUMA,HOGARES,FTTH,CC,1000454409,JORGE LIZARAZO,3167788990,856281309,0210,9059,BOGOTA,ADECUACIONES,ACC12009,Cra 15 #88-99,Plan Corporativo,Problemas en videollamadas,Asignar nuevo gateway,videocall_issue.png
Procesando registro (intento 1/2): ASEGURAMIENTO,SIEBEL SOMOS Y CONVERGENTE,HOGARES,FTTH,CC,1000454401,MARCELA RODRÍGUEZ,3101234567,856281301,0202,9051,BOGOTA,ACC12001,Cra 10 #23-45,Plan Pro,Cortes esporádicos,Actualizar firmware,firmware_update.png
Procesando Canal: 'ASEGURAMIENTO'
✓ Seleccionado Canal: 'ASEGURAMIENTO'
Procesando Sistema: 'SIEBEL SOMOS Y CONVERGENTE'
✓ Seleccionado Sistema: 'SIEBEL SOMOS Y CONVERGENTE'
Procesando UEN: 'HOGARES'
✓ Seleccionado UEN: 'HOGARES'
Procesando Tecnologia: 'FTTH'
✓ Seleccionado Tecnologia: 'FTTH'
Procesando Tipo_Documento_Campo4: 'CC'
✓ Seleccionado Tipo_Documento_Campo4: 'CC'
Procesando Ciudad: 'BOGOTA'
✓ Seleccionado Ciudad: 'BOGOTA'
Procesando registro (intento 2/2): ASEGURAMIENTO,SIEBEL SOMOS Y CONVERGENTE,HOGARES,FTTH,CC,1000454401,MARCELA RODRÍGUEZ,3101234567,856281301,0202,9051,BOGOTA,ACC12001,Cra 10 #23-45,Plan Pro,Cortes esporádicos,Actualizar firmware,firmware_update.png
Procesando registro (intento 1/2): LINEA ESPECIAL,SUMA,HOGARES,FTTH,CC,1000454402,LINA PARRA,3012345678,856281302,0203,9052,BOGOTA,ADECUACIONES,ACC12002,Calle 100 #7-89,Plan Avanzado,Alta latencia,Optimizar red,latency_fix.png
Procesando registro (intento 2/2): LINEA ESPECIAL,SUMA,HOGARES,FTTH,CC,1000454402,LINA PARRA,3012345678,856281302,0203,9052,BOGOTA,ADECUACIONES,ACC12002,Calle 100 #7-89,Plan Avanzado,Alta latencia,Optimizar red,latency_fix.png
Procesando registro (intento 1/2): REDES SOCIALES,SIEBEL SOMOS Y CONVERGENTE,HOGARES,FTTH,CC,1000454403,JULIÁN MEJÍA,3209876543,856281303,0204,9053,BOGOTA,ADECUACIONES,ACC12003,Cra 50 #15-60,Plan Corporativo,Sin respuesta en router,Reemplazo de router,router_change.png
Procesando registro (intento 2/2): REDES SOCIALES,SIEBEL SOMOS Y CONVERGENTE,HOGARES,FTTH,CC,1000454403,JULIÁN MEJÍA,3209876543,856281303,0204,9053,BOGOTA,ADECUACIONES,ACC12003,Cra 50 #15-60,Plan Corporativo,Sin respuesta en router,Reemplazo de router,router_change.png
Procesando registro (intento 1/2): CANAL DIGITAL,SUMA,HOGARES,FTTH,CC,1000454404,SANDRA FONSECA,3187654321,856281304,0205,9054,BOGOTA,ADECUACIONES,ACC12004,Calle 80 #10-15,Plan Básico,Error DNS,Reconfigurar DNS,dns_fix.png
Procesando registro (intento 2/2): CANAL DIGITAL,SUMA,HOGARES,FTTH,CC,1000454404,SANDRA FONSECA,3187654321,856281304,0205,9054,BOGOTA,ADECUACIONES,ACC12004,Calle 80 #10-15,Plan Básico,Error DNS,Reconfigurar DNS,dns_fix.png
Procesando registro (intento 1/2): ESCRITA,SUMA,HOGARES,FTTH,CC,1000454405,LUIS ZAPATA,3134567890,856281305,0206,9055,BOGOTA,ADECUACIONES,ACC12005,Cra 40 #22-33,Plan Avanzado,Desincronización,Reiniciar ONT,sync_issue.png
Procesando registro (intento 2/2): ESCRITA,SUMA,HOGARES,FTTH,CC,1000454405,LUIS ZAPATA,3134567890,856281305,0206,9055,BOGOTA,ADECUACIONES,ACC12005,Cra 40 #22-33,Plan Avanzado,Desincronización,Reiniciar ONT,sync_issue.png
Procesando registro (intento 1/2): VENTAS,SUMA,HOGARES,FTTH,CC,1000454406,ANA BELTRÁN,3191122334,856281306,0207,9056,BOGOTA,ADECUACIONES,ACC12006,Calle 60 #20-22,Plan Pro,No navega en páginas https,Verificar puertos y firewall,https_blocked.png
Procesando registro (intento 2/2): VENTAS,SUMA,HOGARES,FTTH,CC,1000454406,ANA BELTRÁN,3191122334,856281306,0207,9056,BOGOTA,ADECUACIONES,ACC12006,Calle 60 #20-22,Plan Pro,No navega en páginas https,Verificar puertos y firewall,https_blocked.png
Procesando registro (intento 1/2): LINEA ESPECIAL,SIEBEL SOMOS Y CONVERGENTE,HOGARES,FTTH,CC,1000454407,CRISTIAN VÉLEZ,3059988776,856281307,0208,9057,BOGOTA,ADECUACIONES,ACC12007,Cra 33 #44-55,Plan Básico,Servicio muy lento,Cambio de canal WiFi,wifi_channel.png
Procesando registro (intento 2/2): LINEA ESPECIAL,SIEBEL SOMOS Y CONVERGENTE,HOGARES,FTTH,CC,1000454407,CRISTIAN VÉLEZ,3059988776,856281307,0208,9057,BOGOTA,ADECUACIONES,ACC12007,Cra 33 #44-55,Plan Básico,Servicio muy lento,Cambio de canal WiFi,wifi_channel.png
Procesando registro (intento 1/2): ASEGURAMIENTO,SUMA,HOGARES,FTTH,CC,1000454408,PAULA NIETO,3173344556,856281308,0209,9058,BOGOTA,ADECUACIONES,ACC12008,Calle 25 #66-77,Plan Avanzado,LED rojo en ONT,Validar fibra óptica,red_led.png
Procesando registro (intento 2/2): ASEGURAMIENTO,SUMA,HOGARES,FTTH,CC,1000454408,PAULA NIETO,3173344556,856281308,0209,9058,BOGOTA,ADECUACIONES,ACC12008,Calle 25 #66-77,Plan Avanzado,LED rojo en ONT,Validar fibra óptica,red_led.png
Procesando registro (intento 1/2): REDES SOCIALES,SUMA,HOGARES,FTTH,CC,1000454409,JORGE LIZARAZO,3167788990,856281309,0210,9059,BOGOTA,ADECUACIONES,ACC12009,Cra 15 #88-99,Plan Corporativo,Problemas en videollamadas,Asignar nuevo gateway,videocall_issue.png
Procesando registro (intento 2/2): REDES SOCIALES,SUMA,HOGARES,FTTH,CC,1000454409,JORGE LIZARAZO,3167788990,856281309,0210,9059,BOGOTA,ADECUACIONES,ACC12009,Cra 15 #88-99,Plan Corporativo,Problemas en videollamadas,Asignar nuevo gateway,videocall_issue.png
