Error haciendo clic en opción: no such element: Unable to locate element: {"method":"xpath","selector":"//a[normalize-space(text())='ACC12000']"}
  (Session info: chrome=136.0.7103.114)
TimeoutException en registro (intento 1): VENTAS,SUMA,HOGARES,FTTH,CC,1000454400,FERNANDO GARCÍA,3145558899,856281300,0201,9050,BOGOTA,ACC12000,Calle 45 #12-34,Plan Básico,No hay conexión,Revisar ONT y reiniciar equipo,ont_error1.png - Error: 
Error general en registro (intento 2): VENTAS,SUMA,HOGARES,FTTH,CC,1000454400,FERNANDO GARCÍA,3145558899,856281300,0201,9050,BOGOTA,ACC12000,Calle 45 #12-34,Plan Básico,No hay conexión,Revisar ONT y reiniciar equipo,ont_error1.png - Error: no such element: Unable to locate element: {"method":"xpath","selector":"//button[text()='Siguiente']"}
  (Session info: chrome=136.0.7103.114)
✗ Registro falló después de 2 intentos por error general
Error general en registro (intento 1): ASEGURAMIENTO,SIEBEL SOMOS Y CONVERGENTE,HOGARES,FTTH,CC,1000454401,MARCELA RODRÍGUEZ,3101234567,856281301,0202,9051,BOGOTA,ACC12001,Cra 10 #23-45,Plan Pro,Cortes esporádicos,Actualizar firmware,firmware_update.png - Error: no such element: Unable to locate element: {"method":"xpath","selector":"//button[text()='Siguiente']"}
  (Session info: chrome=136.0.7103.114)
Error general en registro (intento 2): ASEGURAMIENTO,SIEBEL SOMOS Y CONVERGENTE,HOGARES,FTTH,CC,1000454401,MARCELA RODRÍGUEZ,3101234567,856281301,0202,9051,BOGOTA,ACC12001,Cra 10 #23-45,Plan Pro,Cortes esporádicos,Actualizar firmware,firmware_update.png - Error: no such element: Unable to locate element: {"method":"xpath","selector":"//button[text()='Siguiente']"}
  (Session info: chrome=136.0.7103.114)
✗ Registro falló después de 2 intentos por error general
Error general en registro (intento 1): LINEA ESPECIAL,SUMA,HOGARES,FTTH,CC,1000454402,LINA PARRA,3012345678,856281302,0203,9052,BOGOTA,ACC12002,Calle 100 #7-89,Plan Avanzado,Alta latencia,Optimizar red,latency_fix.png - Error: no such element: Unable to locate element: {"method":"xpath","selector":"//button[text()='Siguiente']"}
  (Session info: chrome=136.0.7103.114)
Error general en registro (intento 2): LINEA ESPECIAL,SUMA,HOGARES,FTTH,CC,1000454402,LINA PARRA,3012345678,856281302,0203,9052,BOGOTA,ACC12002,Calle 100 #7-89,Plan Avanzado,Alta latencia,Optimizar red,latency_fix.png - Error: no such element: Unable to locate element: {"method":"xpath","selector":"//button[text()='Siguiente']"}
  (Session info: chrome=136.0.7103.114)
✗ Registro falló después de 2 intentos por error general
Error general en registro (intento 1): REDES SOCIALES,SIEBEL SOMOS Y CONVERGENTE,HOGARES,FTTH,CC,1000454403,JULIÁN MEJÍA,3209876543,856281303,0204,9053,BOGOTA,ACC12003,Cra 50 #15-60,Plan Corporativo,Sin respuesta en router,Reemplazo de router,router_change.png - Error: invalid session id: session deleted as the browser has closed the connection
from disconnected: not connected to DevTools
  (Session info: chrome=136.0.7103.114)
Error general en registro (intento 2): REDES SOCIALES,SIEBEL SOMOS Y CONVERGENTE,HOGARES,FTTH,CC,1000454403,JULIÁN MEJÍA,3209876543,856281303,0204,9053,BOGOTA,ACC12003,Cra 50 #15-60,Plan Corporativo,Sin respuesta en router,Reemplazo de router,router_change.png - Error: invalid session id
✗ Registro falló después de 2 intentos por error general
Error general en registro (intento 1): CANAL DIGITAL,SUMA,HOGARES,FTTH,CC,1000454404,SANDRA FONSECA,3187654321,856281304,0205,9054,BOGOTA,ACC12004,Calle 80 #10-15,Plan Básico,Error DNS,Reconfigurar DNS,dns_fix.png - Error: invalid session id
Error general en registro (intento 2): CANAL DIGITAL,SUMA,HOGARES,FTTH,CC,1000454404,SANDRA FONSECA,3187654321,856281304,0205,9054,BOGOTA,ACC12004,Calle 80 #10-15,Plan Básico,Error DNS,Reconfigurar DNS,dns_fix.png - Error: invalid session id
✗ Registro falló después de 2 intentos por error general
Error general en registro (intento 1): ESCRITA,SUMA,HOGARES,FTTH,CC,1000454405,LUIS ZAPATA,3134567890,856281305,0206,9055,BOGOTA,ACC12005,Cra 40 #22-33,Plan Avanzado,Desincronización,Reiniciar ONT,sync_issue.png - Error: invalid session id
Error general en registro (intento 2): ESCRITA,SUMA,HOGARES,FTTH,CC,1000454405,LUIS ZAPATA,3134567890,856281305,0206,9055,BOGOTA,ACC12005,Cra 40 #22-33,Plan Avanzado,Desincronización,Reiniciar ONT,sync_issue.png - Error: invalid session id
✗ Registro falló después de 2 intentos por error general
Error general en registro (intento 1): VENTAS,SUMA,HOGARES,FTTH,CC,1000454406,ANA BELTRÁN,3191122334,856281306,0207,9056,BOGOTA,ACC12006,Calle 60 #20-22,Plan Pro,No navega en páginas https,Verificar puertos y firewall,https_blocked.png - Error: invalid session id
Error general en registro (intento 2): VENTAS,SUMA,HOGARES,FTTH,CC,1000454406,ANA BELTRÁN,3191122334,856281306,0207,9056,BOGOTA,ACC12006,Calle 60 #20-22,Plan Pro,No navega en páginas https,Verificar puertos y firewall,https_blocked.png - Error: invalid session id
✗ Registro falló después de 2 intentos por error general
Error general en registro (intento 1): LINEA ESPECIAL,SIEBEL SOMOS Y CONVERGENTE,HOGARES,FTTH,CC,1000454407,CRISTIAN VÉLEZ,3059988776,856281307,0208,9057,BOGOTA,ACC12007,Cra 33 #44-55,Plan Básico,Servicio muy lento,Cambio de canal WiFi,wifi_channel.png - Error: invalid session id
Error general en registro (intento 2): LINEA ESPECIAL,SIEBEL SOMOS Y CONVERGENTE,HOGARES,FTTH,CC,1000454407,CRISTIAN VÉLEZ,3059988776,856281307,0208,9057,BOGOTA,ACC12007,Cra 33 #44-55,Plan Básico,Servicio muy lento,Cambio de canal WiFi,wifi_channel.png - Error: invalid session id
✗ Registro falló después de 2 intentos por error general
Error general en registro (intento 1): ASEGURAMIENTO,SUMA,HOGARES,FTTH,CC,1000454408,PAULA NIETO,3173344556,856281308,0209,9058,BOGOTA,ACC12008,Calle 25 #66-77,Plan Avanzado,LED rojo en ONT,Validar fibra óptica,red_led.png - Error: invalid session id
Error general en registro (intento 2): ASEGURAMIENTO,SUMA,HOGARES,FTTH,CC,1000454408,PAULA NIETO,3173344556,856281308,0209,9058,BOGOTA,ACC12008,Calle 25 #66-77,Plan Avanzado,LED rojo en ONT,Validar fibra óptica,red_led.png - Error: invalid session id
✗ Registro falló después de 2 intentos por error general
Error general en registro (intento 1): REDES SOCIALES,SUMA,HOGARES,FTTH,CC,1000454409,JORGE LIZARAZO,3167788990,856281309,0210,9059,BOGOTA,ACC12009,Cra 15 #88-99,Plan Corporativo,Problemas en videollamadas,Asignar nuevo gateway,videocall_issue.png"videocall_issue.png - Error: invalid session id
Error general en registro (intento 2): REDES SOCIALES,SUMA,HOGARES,FTTH,CC,1000454409,JORGE LIZARAZO,3167788990,856281309,0210,9059,BOGOTA,ACC12009,Cra 15 #88-99,Plan Corporativo,Problemas en videollamadas,Asignar nuevo gateway,videocall_issue.png"videocall_issue.png - Error: invalid session id
✗ Registro falló después de 2 intentos por error general
Error llenando campo NumeroDocumento: invalid session id
Error llenando campo Cliente: invalid session id
Error llenando campo Contacto: invalid session id
Error llenando campo LineaServicio: invalid session id
Error llenando campo PedidoOrden: invalid session id
Error llenando campo CuentaFacturacion: invalid session id
Error general en registro (intento 1): ASEGURAMIENTO,SIEBEL SOMOS Y CONVERGENTE,HOGARES,FTTH,CC,1000454401,MARCELA RODRÍGUEZ,3101234567,856281301,0202,9051,BOGOTA,ACC12001,Cra 10 #23-45,Plan Pro,Cortes esporádicos,Actualizar firmware,firmware_update.png - Error: invalid session id
Error general en registro (intento 2): ASEGURAMIENTO,SIEBEL SOMOS Y CONVERGENTE,HOGARES,FTTH,CC,1000454401,MARCELA RODRÍGUEZ,3101234567,856281301,0202,9051,BOGOTA,ACC12001,Cra 10 #23-45,Plan Pro,Cortes esporádicos,Actualizar firmware,firmware_update.png - Error: invalid session id
✗ Registro falló después de 2 intentos por error general
Error general en registro (intento 1): LINEA ESPECIAL,SUMA,HOGARES,FTTH,CC,1000454402,LINA PARRA,3012345678,856281302,0203,9052,BOGOTA,ADECUACIONES,ACC12002,Calle 100 #7-89,Plan Avanzado,Alta latencia,Optimizar red,latency_fix.png - Error: invalid session id
Error general en registro (intento 2): LINEA ESPECIAL,SUMA,HOGARES,FTTH,CC,1000454402,LINA PARRA,3012345678,856281302,0203,9052,BOGOTA,ADECUACIONES,ACC12002,Calle 100 #7-89,Plan Avanzado,Alta latencia,Optimizar red,latency_fix.png - Error: invalid session id
✗ Registro falló después de 2 intentos por error general
Error general en registro (intento 1): REDES SOCIALES,SIEBEL SOMOS Y CONVERGENTE,HOGARES,FTTH,CC,1000454403,JULIÁN MEJÍA,3209876543,856281303,0204,9053,BOGOTA,ADECUACIONES,ACC12003,Cra 50 #15-60,Plan Corporativo,Sin respuesta en router,Reemplazo de router,router_change.png - Error: invalid session id
Error general en registro (intento 2): REDES SOCIALES,SIEBEL SOMOS Y CONVERGENTE,HOGARES,FTTH,CC,1000454403,JULIÁN MEJÍA,3209876543,856281303,0204,9053,BOGOTA,ADECUACIONES,ACC12003,Cra 50 #15-60,Plan Corporativo,Sin respuesta en router,Reemplazo de router,router_change.png - Error: invalid session id
✗ Registro falló después de 2 intentos por error general
Error general en registro (intento 1): CANAL DIGITAL,SUMA,HOGARES,FTTH,CC,1000454404,SANDRA FONSECA,3187654321,856281304,0205,9054,BOGOTA,ADECUACIONES,ACC12004,Calle 80 #10-15,Plan Básico,Error DNS,Reconfigurar DNS,dns_fix.png - Error: invalid session id
Error general en registro (intento 2): CANAL DIGITAL,SUMA,HOGARES,FTTH,CC,1000454404,SANDRA FONSECA,3187654321,856281304,0205,9054,BOGOTA,ADECUACIONES,ACC12004,Calle 80 #10-15,Plan Básico,Error DNS,Reconfigurar DNS,dns_fix.png - Error: invalid session id
✗ Registro falló después de 2 intentos por error general
Error general en registro (intento 1): ESCRITA,SUMA,HOGARES,FTTH,CC,1000454405,LUIS ZAPATA,3134567890,856281305,0206,9055,BOGOTA,ADECUACIONES,ACC12005,Cra 40 #22-33,Plan Avanzado,Desincronización,Reiniciar ONT,sync_issue.png - Error: invalid session id
Error general en registro (intento 2): ESCRITA,SUMA,HOGARES,FTTH,CC,1000454405,LUIS ZAPATA,3134567890,856281305,0206,9055,BOGOTA,ADECUACIONES,ACC12005,Cra 40 #22-33,Plan Avanzado,Desincronización,Reiniciar ONT,sync_issue.png - Error: invalid session id
✗ Registro falló después de 2 intentos por error general
Error general en registro (intento 1): VENTAS,SUMA,HOGARES,FTTH,CC,1000454406,ANA BELTRÁN,3191122334,856281306,0207,9056,BOGOTA,ADECUACIONES,ACC12006,Calle 60 #20-22,Plan Pro,No navega en páginas https,Verificar puertos y firewall,https_blocked.png - Error: invalid session id
Error general en registro (intento 2): VENTAS,SUMA,HOGARES,FTTH,CC,1000454406,ANA BELTRÁN,3191122334,856281306,0207,9056,BOGOTA,ADECUACIONES,ACC12006,Calle 60 #20-22,Plan Pro,No navega en páginas https,Verificar puertos y firewall,https_blocked.png - Error: invalid session id
✗ Registro falló después de 2 intentos por error general
Error general en registro (intento 1): LINEA ESPECIAL,SIEBEL SOMOS Y CONVERGENTE,HOGARES,FTTH,CC,1000454407,CRISTIAN VÉLEZ,3059988776,856281307,0208,9057,BOGOTA,ADECUACIONES,ACC12007,Cra 33 #44-55,Plan Básico,Servicio muy lento,Cambio de canal WiFi,wifi_channel.png - Error: invalid session id
Error general en registro (intento 2): LINEA ESPECIAL,SIEBEL SOMOS Y CONVERGENTE,HOGARES,FTTH,CC,1000454407,CRISTIAN VÉLEZ,3059988776,856281307,0208,9057,BOGOTA,ADECUACIONES,ACC12007,Cra 33 #44-55,Plan Básico,Servicio muy lento,Cambio de canal WiFi,wifi_channel.png - Error: invalid session id
✗ Registro falló después de 2 intentos por error general
Error general en registro (intento 1): ASEGURAMIENTO,SUMA,HOGARES,FTTH,CC,1000454408,PAULA NIETO,3173344556,856281308,0209,9058,BOGOTA,ADECUACIONES,ACC12008,Calle 25 #66-77,Plan Avanzado,LED rojo en ONT,Validar fibra óptica,red_led.png - Error: invalid session id
Error general en registro (intento 2): ASEGURAMIENTO,SUMA,HOGARES,FTTH,CC,1000454408,PAULA NIETO,3173344556,856281308,0209,9058,BOGOTA,ADECUACIONES,ACC12008,Calle 25 #66-77,Plan Avanzado,LED rojo en ONT,Validar fibra óptica,red_led.png - Error: invalid session id
✗ Registro falló después de 2 intentos por error general
Error general en registro (intento 1): REDES SOCIALES,SUMA,HOGARES,FTTH,CC,1000454409,JORGE LIZARAZO,3167788990,856281309,0210,9059,BOGOTA,ADECUACIONES,ACC12009,Cra 15 #88-99,Plan Corporativo,Problemas en videollamadas,Asignar nuevo gateway,videocall_issue.png - Error: invalid session id
Error general en registro (intento 2): REDES SOCIALES,SUMA,HOGARES,FTTH,CC,1000454409,JORGE LIZARAZO,3167788990,856281309,0210,9059,BOGOTA,ADECUACIONES,ACC12009,Cra 15 #88-99,Plan Corporativo,Problemas en videollamadas,Asignar nuevo gateway,videocall_issue.png - Error: invalid session id
✗ Registro falló después de 2 intentos por error general
Error haciendo clic en opción: no such element: Unable to locate element: {"method":"xpath","selector":"//a[normalize-space(text())='ACC12001']"}
  (Session info: chrome=136.0.7103.114)
TimeoutException en registro (intento 1): ASEGURAMIENTO,SIEBEL SOMOS Y CONVERGENTE,HOGARES,FTTH,CC,1000454401,MARCELA RODRÍGUEZ,3101234567,856281301,0202,9051,BOGOTA,ACC12001,Cra 10 #23-45,Plan Pro,Cortes esporádicos,Actualizar firmware,firmware_update.png - Error: 
Error general en registro (intento 2): ASEGURAMIENTO,SIEBEL SOMOS Y CONVERGENTE,HOGARES,FTTH,CC,1000454401,MARCELA RODRÍGUEZ,3101234567,856281301,0202,9051,BOGOTA,ACC12001,Cra 10 #23-45,Plan Pro,Cortes esporádicos,Actualizar firmware,firmware_update.png - Error: no such element: Unable to locate element: {"method":"xpath","selector":"//button[text()='Siguiente']"}
  (Session info: chrome=136.0.7103.114)
✗ Registro falló después de 2 intentos por error general
Error general en registro (intento 1): LINEA ESPECIAL,SUMA,HOGARES,FTTH,CC,1000454402,LINA PARRA,3012345678,856281302,0203,9052,BOGOTA,ADECUACIONES,ACC12002,Calle 100 #7-89,Plan Avanzado,Alta latencia,Optimizar red,latency_fix.png - Error: no such element: Unable to locate element: {"method":"xpath","selector":"//button[text()='Siguiente']"}
  (Session info: chrome=136.0.7103.114)
Error general en registro (intento 2): LINEA ESPECIAL,SUMA,HOGARES,FTTH,CC,1000454402,LINA PARRA,3012345678,856281302,0203,9052,BOGOTA,ADECUACIONES,ACC12002,Calle 100 #7-89,Plan Avanzado,Alta latencia,Optimizar red,latency_fix.png - Error: invalid session id: session deleted as the browser has closed the connection
from disconnected: not connected to DevTools
  (Session info: chrome=136.0.7103.114)
✗ Registro falló después de 2 intentos por error general
Error general en registro (intento 1): REDES SOCIALES,SIEBEL SOMOS Y CONVERGENTE,HOGARES,FTTH,CC,1000454403,JULIÁN MEJÍA,3209876543,856281303,0204,9053,BOGOTA,ADECUACIONES,ACC12003,Cra 50 #15-60,Plan Corporativo,Sin respuesta en router,Reemplazo de router,router_change.png - Error: invalid session id
Error general en registro (intento 2): REDES SOCIALES,SIEBEL SOMOS Y CONVERGENTE,HOGARES,FTTH,CC,1000454403,JULIÁN MEJÍA,3209876543,856281303,0204,9053,BOGOTA,ADECUACIONES,ACC12003,Cra 50 #15-60,Plan Corporativo,Sin respuesta en router,Reemplazo de router,router_change.png - Error: invalid session id
✗ Registro falló después de 2 intentos por error general
Error general en registro (intento 1): CANAL DIGITAL,SUMA,HOGARES,FTTH,CC,1000454404,SANDRA FONSECA,3187654321,856281304,0205,9054,BOGOTA,ADECUACIONES,ACC12004,Calle 80 #10-15,Plan Básico,Error DNS,Reconfigurar DNS,dns_fix.png - Error: invalid session id
Error general en registro (intento 2): CANAL DIGITAL,SUMA,HOGARES,FTTH,CC,1000454404,SANDRA FONSECA,3187654321,856281304,0205,9054,BOGOTA,ADECUACIONES,ACC12004,Calle 80 #10-15,Plan Básico,Error DNS,Reconfigurar DNS,dns_fix.png - Error: invalid session id
✗ Registro falló después de 2 intentos por error general
Error general en registro (intento 1): ESCRITA,SUMA,HOGARES,FTTH,CC,1000454405,LUIS ZAPATA,3134567890,856281305,0206,9055,BOGOTA,ADECUACIONES,ACC12005,Cra 40 #22-33,Plan Avanzado,Desincronización,Reiniciar ONT,sync_issue.png - Error: invalid session id
Error general en registro (intento 2): ESCRITA,SUMA,HOGARES,FTTH,CC,1000454405,LUIS ZAPATA,3134567890,856281305,0206,9055,BOGOTA,ADECUACIONES,ACC12005,Cra 40 #22-33,Plan Avanzado,Desincronización,Reiniciar ONT,sync_issue.png - Error: invalid session id
✗ Registro falló después de 2 intentos por error general
Error general en registro (intento 1): VENTAS,SUMA,HOGARES,FTTH,CC,1000454406,ANA BELTRÁN,3191122334,856281306,0207,9056,BOGOTA,ADECUACIONES,ACC12006,Calle 60 #20-22,Plan Pro,No navega en páginas https,Verificar puertos y firewall,https_blocked.png - Error: invalid session id
Error general en registro (intento 2): VENTAS,SUMA,HOGARES,FTTH,CC,1000454406,ANA BELTRÁN,3191122334,856281306,0207,9056,BOGOTA,ADECUACIONES,ACC12006,Calle 60 #20-22,Plan Pro,No navega en páginas https,Verificar puertos y firewall,https_blocked.png - Error: invalid session id
✗ Registro falló después de 2 intentos por error general
Error general en registro (intento 1): LINEA ESPECIAL,SIEBEL SOMOS Y CONVERGENTE,HOGARES,FTTH,CC,1000454407,CRISTIAN VÉLEZ,3059988776,856281307,0208,9057,BOGOTA,ADECUACIONES,ACC12007,Cra 33 #44-55,Plan Básico,Servicio muy lento,Cambio de canal WiFi,wifi_channel.png - Error: invalid session id
Error general en registro (intento 2): LINEA ESPECIAL,SIEBEL SOMOS Y CONVERGENTE,HOGARES,FTTH,CC,1000454407,CRISTIAN VÉLEZ,3059988776,856281307,0208,9057,BOGOTA,ADECUACIONES,ACC12007,Cra 33 #44-55,Plan Básico,Servicio muy lento,Cambio de canal WiFi,wifi_channel.png - Error: invalid session id
✗ Registro falló después de 2 intentos por error general
Error general en registro (intento 1): ASEGURAMIENTO,SUMA,HOGARES,FTTH,CC,1000454408,PAULA NIETO,3173344556,856281308,0209,9058,BOGOTA,ADECUACIONES,ACC12008,Calle 25 #66-77,Plan Avanzado,LED rojo en ONT,Validar fibra óptica,red_led.png - Error: invalid session id
Error general en registro (intento 2): ASEGURAMIENTO,SUMA,HOGARES,FTTH,CC,1000454408,PAULA NIETO,3173344556,856281308,0209,9058,BOGOTA,ADECUACIONES,ACC12008,Calle 25 #66-77,Plan Avanzado,LED rojo en ONT,Validar fibra óptica,red_led.png - Error: invalid session id
✗ Registro falló después de 2 intentos por error general
Error general en registro (intento 1): REDES SOCIALES,SUMA,HOGARES,FTTH,CC,1000454409,JORGE LIZARAZO,3167788990,856281309,0210,9059,BOGOTA,ADECUACIONES,ACC12009,Cra 15 #88-99,Plan Corporativo,Problemas en videollamadas,Asignar nuevo gateway,videocall_issue.png - Error: invalid session id
Error general en registro (intento 2): REDES SOCIALES,SUMA,HOGARES,FTTH,CC,1000454409,JORGE LIZARAZO,3167788990,856281309,0210,9059,BOGOTA,ADECUACIONES,ACC12009,Cra 15 #88-99,Plan Corporativo,Problemas en videollamadas,Asignar nuevo gateway,videocall_issue.png - Error: invalid session id
✗ Registro falló después de 2 intentos por error general
Error haciendo clic en opción: no such element: Unable to locate element: {"method":"xpath","selector":"//a[normalize-space(text())='ACC12001']"}
  (Session info: chrome=136.0.7103.114)
TimeoutException en registro (intento 1): ASEGURAMIENTO,SIEBEL SOMOS Y CONVERGENTE,HOGARES,FTTH,CC,1000454401,MARCELA RODRÍGUEZ,3101234567,856281301,0202,9051,BOGOTA,ACC12001,Cra 10 #23-45,Plan Pro,Cortes esporádicos,Actualizar firmware,firmware_update.png - Error: 
Error general en registro (intento 2): ASEGURAMIENTO,SIEBEL SOMOS Y CONVERGENTE,HOGARES,FTTH,CC,1000454401,MARCELA RODRÍGUEZ,3101234567,856281301,0202,9051,BOGOTA,ACC12001,Cra 10 #23-45,Plan Pro,Cortes esporádicos,Actualizar firmware,firmware_update.png - Error: invalid session id: session deleted as the browser has closed the connection
from disconnected: not connected to DevTools
  (Session info: chrome=136.0.7103.114)
✗ Registro falló después de 2 intentos por error general
Error general en registro (intento 1): LINEA ESPECIAL,SUMA,HOGARES,FTTH,CC,1000454402,LINA PARRA,3012345678,856281302,0203,9052,BOGOTA,ADECUACIONES,ACC12002,Calle 100 #7-89,Plan Avanzado,Alta latencia,Optimizar red,latency_fix.png - Error: invalid session id
Error general en registro (intento 2): LINEA ESPECIAL,SUMA,HOGARES,FTTH,CC,1000454402,LINA PARRA,3012345678,856281302,0203,9052,BOGOTA,ADECUACIONES,ACC12002,Calle 100 #7-89,Plan Avanzado,Alta latencia,Optimizar red,latency_fix.png - Error: invalid session id
✗ Registro falló después de 2 intentos por error general
Error general en registro (intento 1): REDES SOCIALES,SIEBEL SOMOS Y CONVERGENTE,HOGARES,FTTH,CC,1000454403,JULIÁN MEJÍA,3209876543,856281303,0204,9053,BOGOTA,ADECUACIONES,ACC12003,Cra 50 #15-60,Plan Corporativo,Sin respuesta en router,Reemplazo de router,router_change.png - Error: invalid session id
Error general en registro (intento 2): REDES SOCIALES,SIEBEL SOMOS Y CONVERGENTE,HOGARES,FTTH,CC,1000454403,JULIÁN MEJÍA,3209876543,856281303,0204,9053,BOGOTA,ADECUACIONES,ACC12003,Cra 50 #15-60,Plan Corporativo,Sin respuesta en router,Reemplazo de router,router_change.png - Error: invalid session id
✗ Registro falló después de 2 intentos por error general
Error general en registro (intento 1): CANAL DIGITAL,SUMA,HOGARES,FTTH,CC,1000454404,SANDRA FONSECA,3187654321,856281304,0205,9054,BOGOTA,ADECUACIONES,ACC12004,Calle 80 #10-15,Plan Básico,Error DNS,Reconfigurar DNS,dns_fix.png - Error: invalid session id
Error general en registro (intento 2): CANAL DIGITAL,SUMA,HOGARES,FTTH,CC,1000454404,SANDRA FONSECA,3187654321,856281304,0205,9054,BOGOTA,ADECUACIONES,ACC12004,Calle 80 #10-15,Plan Básico,Error DNS,Reconfigurar DNS,dns_fix.png - Error: invalid session id
✗ Registro falló después de 2 intentos por error general
Error general en registro (intento 1): ESCRITA,SUMA,HOGARES,FTTH,CC,1000454405,LUIS ZAPATA,3134567890,856281305,0206,9055,BOGOTA,ADECUACIONES,ACC12005,Cra 40 #22-33,Plan Avanzado,Desincronización,Reiniciar ONT,sync_issue.png - Error: invalid session id
Error general en registro (intento 2): ESCRITA,SUMA,HOGARES,FTTH,CC,1000454405,LUIS ZAPATA,3134567890,856281305,0206,9055,BOGOTA,ADECUACIONES,ACC12005,Cra 40 #22-33,Plan Avanzado,Desincronización,Reiniciar ONT,sync_issue.png - Error: invalid session id
✗ Registro falló después de 2 intentos por error general
Error general en registro (intento 1): VENTAS,SUMA,HOGARES,FTTH,CC,1000454406,ANA BELTRÁN,3191122334,856281306,0207,9056,BOGOTA,ADECUACIONES,ACC12006,Calle 60 #20-22,Plan Pro,No navega en páginas https,Verificar puertos y firewall,https_blocked.png - Error: invalid session id
Error general en registro (intento 2): VENTAS,SUMA,HOGARES,FTTH,CC,1000454406,ANA BELTRÁN,3191122334,856281306,0207,9056,BOGOTA,ADECUACIONES,ACC12006,Calle 60 #20-22,Plan Pro,No navega en páginas https,Verificar puertos y firewall,https_blocked.png - Error: invalid session id
✗ Registro falló después de 2 intentos por error general
Error general en registro (intento 1): LINEA ESPECIAL,SIEBEL SOMOS Y CONVERGENTE,HOGARES,FTTH,CC,1000454407,CRISTIAN VÉLEZ,3059988776,856281307,0208,9057,BOGOTA,ADECUACIONES,ACC12007,Cra 33 #44-55,Plan Básico,Servicio muy lento,Cambio de canal WiFi,wifi_channel.png - Error: invalid session id
Error general en registro (intento 2): LINEA ESPECIAL,SIEBEL SOMOS Y CONVERGENTE,HOGARES,FTTH,CC,1000454407,CRISTIAN VÉLEZ,3059988776,856281307,0208,9057,BOGOTA,ADECUACIONES,ACC12007,Cra 33 #44-55,Plan Básico,Servicio muy lento,Cambio de canal WiFi,wifi_channel.png - Error: invalid session id
✗ Registro falló después de 2 intentos por error general
Error general en registro (intento 1): ASEGURAMIENTO,SUMA,HOGARES,FTTH,CC,1000454408,PAULA NIETO,3173344556,856281308,0209,9058,BOGOTA,ADECUACIONES,ACC12008,Calle 25 #66-77,Plan Avanzado,LED rojo en ONT,Validar fibra óptica,red_led.png - Error: invalid session id
Error general en registro (intento 2): ASEGURAMIENTO,SUMA,HOGARES,FTTH,CC,1000454408,PAULA NIETO,3173344556,856281308,0209,9058,BOGOTA,ADECUACIONES,ACC12008,Calle 25 #66-77,Plan Avanzado,LED rojo en ONT,Validar fibra óptica,red_led.png - Error: invalid session id
✗ Registro falló después de 2 intentos por error general
Error general en registro (intento 1): REDES SOCIALES,SUMA,HOGARES,FTTH,CC,1000454409,JORGE LIZARAZO,3167788990,856281309,0210,9059,BOGOTA,ADECUACIONES,ACC12009,Cra 15 #88-99,Plan Corporativo,Problemas en videollamadas,Asignar nuevo gateway,videocall_issue.png - Error: invalid session id
Error general en registro (intento 2): REDES SOCIALES,SUMA,HOGARES,FTTH,CC,1000454409,JORGE LIZARAZO,3167788990,856281309,0210,9059,BOGOTA,ADECUACIONES,ACC12009,Cra 15 #88-99,Plan Corporativo,Problemas en videollamadas,Asignar nuevo gateway,videocall_issue.png - Error: invalid session id
✗ Registro falló después de 2 intentos por error general
Error haciendo clic en opción: no such element: Unable to locate element: {"method":"xpath","selector":"//a[normalize-space(text())='ACC12001']"}
  (Session info: chrome=136.0.7103.114)
Error general en registro (intento 1): ASEGURAMIENTO,SIEBEL SOMOS Y CONVERGENTE,HOGARES,FTTH,CC,1000454401,MARCELA RODRÍGUEZ,3101234567,856281301,0202,9051,BOGOTA,ACC12001,Cra 10 #23-45,Plan Pro,Cortes esporádicos,Actualizar firmware,firmware_update.png - Error: invalid session id: session deleted as the browser has closed the connection
from disconnected: not connected to DevTools
  (Session info: chrome=136.0.7103.114)
Error general en registro (intento 2): ASEGURAMIENTO,SIEBEL SOMOS Y CONVERGENTE,HOGARES,FTTH,CC,1000454401,MARCELA RODRÍGUEZ,3101234567,856281301,0202,9051,BOGOTA,ACC12001,Cra 10 #23-45,Plan Pro,Cortes esporádicos,Actualizar firmware,firmware_update.png - Error: invalid session id
✗ Registro falló después de 2 intentos por error general
Error general en registro (intento 1): LINEA ESPECIAL,SUMA,HOGARES,FTTH,CC,1000454402,LINA PARRA,3012345678,856281302,0203,9052,BOGOTA,ADECUACIONES,ACC12002,Calle 100 #7-89,Plan Avanzado,Alta latencia,Optimizar red,latency_fix.png - Error: invalid session id
Error general en registro (intento 2): LINEA ESPECIAL,SUMA,HOGARES,FTTH,CC,1000454402,LINA PARRA,3012345678,856281302,0203,9052,BOGOTA,ADECUACIONES,ACC12002,Calle 100 #7-89,Plan Avanzado,Alta latencia,Optimizar red,latency_fix.png - Error: invalid session id
✗ Registro falló después de 2 intentos por error general
Error general en registro (intento 1): REDES SOCIALES,SIEBEL SOMOS Y CONVERGENTE,HOGARES,FTTH,CC,1000454403,JULIÁN MEJÍA,3209876543,856281303,0204,9053,BOGOTA,ADECUACIONES,ACC12003,Cra 50 #15-60,Plan Corporativo,Sin respuesta en router,Reemplazo de router,router_change.png - Error: invalid session id
Error general en registro (intento 2): REDES SOCIALES,SIEBEL SOMOS Y CONVERGENTE,HOGARES,FTTH,CC,1000454403,JULIÁN MEJÍA,3209876543,856281303,0204,9053,BOGOTA,ADECUACIONES,ACC12003,Cra 50 #15-60,Plan Corporativo,Sin respuesta en router,Reemplazo de router,router_change.png - Error: invalid session id
✗ Registro falló después de 2 intentos por error general
Error general en registro (intento 1): CANAL DIGITAL,SUMA,HOGARES,FTTH,CC,1000454404,SANDRA FONSECA,3187654321,856281304,0205,9054,BOGOTA,ADECUACIONES,ACC12004,Calle 80 #10-15,Plan Básico,Error DNS,Reconfigurar DNS,dns_fix.png - Error: invalid session id
Error general en registro (intento 2): CANAL DIGITAL,SUMA,HOGARES,FTTH,CC,1000454404,SANDRA FONSECA,3187654321,856281304,0205,9054,BOGOTA,ADECUACIONES,ACC12004,Calle 80 #10-15,Plan Básico,Error DNS,Reconfigurar DNS,dns_fix.png - Error: invalid session id
✗ Registro falló después de 2 intentos por error general
Error general en registro (intento 1): ESCRITA,SUMA,HOGARES,FTTH,CC,1000454405,LUIS ZAPATA,3134567890,856281305,0206,9055,BOGOTA,ADECUACIONES,ACC12005,Cra 40 #22-33,Plan Avanzado,Desincronización,Reiniciar ONT,sync_issue.png - Error: invalid session id
Error general en registro (intento 2): ESCRITA,SUMA,HOGARES,FTTH,CC,1000454405,LUIS ZAPATA,3134567890,856281305,0206,9055,BOGOTA,ADECUACIONES,ACC12005,Cra 40 #22-33,Plan Avanzado,Desincronización,Reiniciar ONT,sync_issue.png - Error: invalid session id
✗ Registro falló después de 2 intentos por error general
Error general en registro (intento 1): VENTAS,SUMA,HOGARES,FTTH,CC,1000454406,ANA BELTRÁN,3191122334,856281306,0207,9056,BOGOTA,ADECUACIONES,ACC12006,Calle 60 #20-22,Plan Pro,No navega en páginas https,Verificar puertos y firewall,https_blocked.png - Error: invalid session id
Error general en registro (intento 2): VENTAS,SUMA,HOGARES,FTTH,CC,1000454406,ANA BELTRÁN,3191122334,856281306,0207,9056,BOGOTA,ADECUACIONES,ACC12006,Calle 60 #20-22,Plan Pro,No navega en páginas https,Verificar puertos y firewall,https_blocked.png - Error: invalid session id
✗ Registro falló después de 2 intentos por error general
Error general en registro (intento 1): LINEA ESPECIAL,SIEBEL SOMOS Y CONVERGENTE,HOGARES,FTTH,CC,1000454407,CRISTIAN VÉLEZ,3059988776,856281307,0208,9057,BOGOTA,ADECUACIONES,ACC12007,Cra 33 #44-55,Plan Básico,Servicio muy lento,Cambio de canal WiFi,wifi_channel.png - Error: invalid session id
Error general en registro (intento 2): LINEA ESPECIAL,SIEBEL SOMOS Y CONVERGENTE,HOGARES,FTTH,CC,1000454407,CRISTIAN VÉLEZ,3059988776,856281307,0208,9057,BOGOTA,ADECUACIONES,ACC12007,Cra 33 #44-55,Plan Básico,Servicio muy lento,Cambio de canal WiFi,wifi_channel.png - Error: invalid session id
✗ Registro falló después de 2 intentos por error general
Error general en registro (intento 1): ASEGURAMIENTO,SUMA,HOGARES,FTTH,CC,1000454408,PAULA NIETO,3173344556,856281308,0209,9058,BOGOTA,ADECUACIONES,ACC12008,Calle 25 #66-77,Plan Avanzado,LED rojo en ONT,Validar fibra óptica,red_led.png - Error: invalid session id
Error general en registro (intento 2): ASEGURAMIENTO,SUMA,HOGARES,FTTH,CC,1000454408,PAULA NIETO,3173344556,856281308,0209,9058,BOGOTA,ADECUACIONES,ACC12008,Calle 25 #66-77,Plan Avanzado,LED rojo en ONT,Validar fibra óptica,red_led.png - Error: invalid session id
✗ Registro falló después de 2 intentos por error general
Error general en registro (intento 1): REDES SOCIALES,SUMA,HOGARES,FTTH,CC,1000454409,JORGE LIZARAZO,3167788990,856281309,0210,9059,BOGOTA,ADECUACIONES,ACC12009,Cra 15 #88-99,Plan Corporativo,Problemas en videollamadas,Asignar nuevo gateway,videocall_issue.png - Error: invalid session id
Error general en registro (intento 2): REDES SOCIALES,SUMA,HOGARES,FTTH,CC,1000454409,JORGE LIZARAZO,3167788990,856281309,0210,9059,BOGOTA,ADECUACIONES,ACC12009,Cra 15 #88-99,Plan Corporativo,Problemas en videollamadas,Asignar nuevo gateway,videocall_issue.png - Error: invalid session id
✗ Registro falló después de 2 intentos por error general
Error haciendo clic en opción: no such element: Unable to locate element: {"method":"xpath","selector":"//a[normalize-space(text())='ACC12001']"}
  (Session info: chrome=136.0.7103.114)
Error general en registro (intento 1): ASEGURAMIENTO,SIEBEL SOMOS Y CONVERGENTE,HOGARES,FTTH,CC,1000454401,MARCELA RODRÍGUEZ,3101234567,856281301,0202,9051,BOGOTA,ACC12001,Cra 10 #23-45,Plan Pro,Cortes esporádicos,Actualizar firmware,firmware_update.png - Error: invalid session id: session deleted as the browser has closed the connection
from disconnected: not connected to DevTools
  (Session info: chrome=136.0.7103.114)
Error general en registro (intento 2): ASEGURAMIENTO,SIEBEL SOMOS Y CONVERGENTE,HOGARES,FTTH,CC,1000454401,MARCELA RODRÍGUEZ,3101234567,856281301,0202,9051,BOGOTA,ACC12001,Cra 10 #23-45,Plan Pro,Cortes esporádicos,Actualizar firmware,firmware_update.png - Error: invalid session id
✗ Registro falló después de 2 intentos por error general
Error general en registro (intento 1): LINEA ESPECIAL,SUMA,HOGARES,FTTH,CC,1000454402,LINA PARRA,3012345678,856281302,0203,9052,BOGOTA,ADECUACIONES,ACC12002,Calle 100 #7-89,Plan Avanzado,Alta latencia,Optimizar red,latency_fix.png - Error: invalid session id
Error general en registro (intento 2): LINEA ESPECIAL,SUMA,HOGARES,FTTH,CC,1000454402,LINA PARRA,3012345678,856281302,0203,9052,BOGOTA,ADECUACIONES,ACC12002,Calle 100 #7-89,Plan Avanzado,Alta latencia,Optimizar red,latency_fix.png - Error: invalid session id
✗ Registro falló después de 2 intentos por error general
Error general en registro (intento 1): REDES SOCIALES,SIEBEL SOMOS Y CONVERGENTE,HOGARES,FTTH,CC,1000454403,JULIÁN MEJÍA,3209876543,856281303,0204,9053,BOGOTA,ADECUACIONES,ACC12003,Cra 50 #15-60,Plan Corporativo,Sin respuesta en router,Reemplazo de router,router_change.png - Error: invalid session id
Error general en registro (intento 2): REDES SOCIALES,SIEBEL SOMOS Y CONVERGENTE,HOGARES,FTTH,CC,1000454403,JULIÁN MEJÍA,3209876543,856281303,0204,9053,BOGOTA,ADECUACIONES,ACC12003,Cra 50 #15-60,Plan Corporativo,Sin respuesta en router,Reemplazo de router,router_change.png - Error: invalid session id
✗ Registro falló después de 2 intentos por error general
Error general en registro (intento 1): CANAL DIGITAL,SUMA,HOGARES,FTTH,CC,1000454404,SANDRA FONSECA,3187654321,856281304,0205,9054,BOGOTA,ADECUACIONES,ACC12004,Calle 80 #10-15,Plan Básico,Error DNS,Reconfigurar DNS,dns_fix.png - Error: invalid session id
Error general en registro (intento 2): CANAL DIGITAL,SUMA,HOGARES,FTTH,CC,1000454404,SANDRA FONSECA,3187654321,856281304,0205,9054,BOGOTA,ADECUACIONES,ACC12004,Calle 80 #10-15,Plan Básico,Error DNS,Reconfigurar DNS,dns_fix.png - Error: invalid session id
✗ Registro falló después de 2 intentos por error general
Error general en registro (intento 1): ESCRITA,SUMA,HOGARES,FTTH,CC,1000454405,LUIS ZAPATA,3134567890,856281305,0206,9055,BOGOTA,ADECUACIONES,ACC12005,Cra 40 #22-33,Plan Avanzado,Desincronización,Reiniciar ONT,sync_issue.png - Error: invalid session id
Error general en registro (intento 2): ESCRITA,SUMA,HOGARES,FTTH,CC,1000454405,LUIS ZAPATA,3134567890,856281305,0206,9055,BOGOTA,ADECUACIONES,ACC12005,Cra 40 #22-33,Plan Avanzado,Desincronización,Reiniciar ONT,sync_issue.png - Error: invalid session id
✗ Registro falló después de 2 intentos por error general
Error general en registro (intento 1): VENTAS,SUMA,HOGARES,FTTH,CC,1000454406,ANA BELTRÁN,3191122334,856281306,0207,9056,BOGOTA,ADECUACIONES,ACC12006,Calle 60 #20-22,Plan Pro,No navega en páginas https,Verificar puertos y firewall,https_blocked.png - Error: invalid session id
Error general en registro (intento 2): VENTAS,SUMA,HOGARES,FTTH,CC,1000454406,ANA BELTRÁN,3191122334,856281306,0207,9056,BOGOTA,ADECUACIONES,ACC12006,Calle 60 #20-22,Plan Pro,No navega en páginas https,Verificar puertos y firewall,https_blocked.png - Error: invalid session id
✗ Registro falló después de 2 intentos por error general
Error general en registro (intento 1): LINEA ESPECIAL,SIEBEL SOMOS Y CONVERGENTE,HOGARES,FTTH,CC,1000454407,CRISTIAN VÉLEZ,3059988776,856281307,0208,9057,BOGOTA,ADECUACIONES,ACC12007,Cra 33 #44-55,Plan Básico,Servicio muy lento,Cambio de canal WiFi,wifi_channel.png - Error: invalid session id
Error general en registro (intento 2): LINEA ESPECIAL,SIEBEL SOMOS Y CONVERGENTE,HOGARES,FTTH,CC,1000454407,CRISTIAN VÉLEZ,3059988776,856281307,0208,9057,BOGOTA,ADECUACIONES,ACC12007,Cra 33 #44-55,Plan Básico,Servicio muy lento,Cambio de canal WiFi,wifi_channel.png - Error: invalid session id
✗ Registro falló después de 2 intentos por error general
Error general en registro (intento 1): ASEGURAMIENTO,SUMA,HOGARES,FTTH,CC,1000454408,PAULA NIETO,3173344556,856281308,0209,9058,BOGOTA,ADECUACIONES,ACC12008,Calle 25 #66-77,Plan Avanzado,LED rojo en ONT,Validar fibra óptica,red_led.png - Error: invalid session id
Error general en registro (intento 2): ASEGURAMIENTO,SUMA,HOGARES,FTTH,CC,1000454408,PAULA NIETO,3173344556,856281308,0209,9058,BOGOTA,ADECUACIONES,ACC12008,Calle 25 #66-77,Plan Avanzado,LED rojo en ONT,Validar fibra óptica,red_led.png - Error: invalid session id
✗ Registro falló después de 2 intentos por error general
Error general en registro (intento 1): REDES SOCIALES,SUMA,HOGARES,FTTH,CC,1000454409,JORGE LIZARAZO,3167788990,856281309,0210,9059,BOGOTA,ADECUACIONES,ACC12009,Cra 15 #88-99,Plan Corporativo,Problemas en videollamadas,Asignar nuevo gateway,videocall_issue.png - Error: invalid session id
Error general en registro (intento 2): REDES SOCIALES,SUMA,HOGARES,FTTH,CC,1000454409,JORGE LIZARAZO,3167788990,856281309,0210,9059,BOGOTA,ADECUACIONES,ACC12009,Cra 15 #88-99,Plan Corporativo,Problemas en videollamadas,Asignar nuevo gateway,videocall_issue.png - Error: invalid session id
✗ Registro falló después de 2 intentos por error general
Error haciendo clic en opción: no such element: Unable to locate element: {"method":"xpath","selector":"//a[normalize-space(text())='ACC12001']"}
  (Session info: chrome=136.0.7103.114)
TimeoutException en registro (intento 1): ASEGURAMIENTO,SIEBEL SOMOS Y CONVERGENTE,HOGARES,FTTH,CC,1000454401,MARCELA RODRÍGUEZ,3101234567,856281301,0202,9051,BOGOTA,ACC12001,Cra 10 #23-45,Plan Pro,Cortes esporádicos,Actualizar firmware,firmware_update.png - Error: 
Error general en registro (intento 2): ASEGURAMIENTO,SIEBEL SOMOS Y CONVERGENTE,HOGARES,FTTH,CC,1000454401,MARCELA RODRÍGUEZ,3101234567,856281301,0202,9051,BOGOTA,ACC12001,Cra 10 #23-45,Plan Pro,Cortes esporádicos,Actualizar firmware,firmware_update.png - Error: no such element: Unable to locate element: {"method":"xpath","selector":"//button[text()='Siguiente']"}
  (Session info: chrome=136.0.7103.114)
✗ Registro falló después de 2 intentos por error general
Error general en registro (intento 1): LINEA ESPECIAL,SUMA,HOGARES,FTTH,CC,1000454402,LINA PARRA,3012345678,856281302,0203,9052,BOGOTA,ADECUACIONES,ACC12002,Calle 100 #7-89,Plan Avanzado,Alta latencia,Optimizar red,latency_fix.png - Error: no such element: Unable to locate element: {"method":"xpath","selector":"//button[text()='Siguiente']"}
  (Session info: chrome=136.0.7103.114)
Error general en registro (intento 2): LINEA ESPECIAL,SUMA,HOGARES,FTTH,CC,1000454402,LINA PARRA,3012345678,856281302,0203,9052,BOGOTA,ADECUACIONES,ACC12002,Calle 100 #7-89,Plan Avanzado,Alta latencia,Optimizar red,latency_fix.png - Error: Unexpected server response for getting an element. Expected array, but the response was: ''

✗ Registro falló después de 2 intentos por error general
Error general en registro (intento 1): REDES SOCIALES,SIEBEL SOMOS Y CONVERGENTE,HOGARES,FTTH,CC,1000454403,JULIÁN MEJÍA,3209876543,856281303,0204,9053,BOGOTA,ADECUACIONES,ACC12003,Cra 50 #15-60,Plan Corporativo,Sin respuesta en router,Reemplazo de router,router_change.png - Error: no such window: target window already closed
from unknown error: web view not found
  (Session info: chrome=136.0.7103.114)
Error general en registro (intento 2): REDES SOCIALES,SIEBEL SOMOS Y CONVERGENTE,HOGARES,FTTH,CC,1000454403,JULIÁN MEJÍA,3209876543,856281303,0204,9053,BOGOTA,ADECUACIONES,ACC12003,Cra 50 #15-60,Plan Corporativo,Sin respuesta en router,Reemplazo de router,router_change.png - Error: no such window: target window already closed
from unknown error: web view not found
  (Session info: chrome=136.0.7103.114)
✗ Registro falló después de 2 intentos por error general
Error general en registro (intento 1): CANAL DIGITAL,SUMA,HOGARES,FTTH,CC,1000454404,SANDRA FONSECA,3187654321,856281304,0205,9054,BOGOTA,ADECUACIONES,ACC12004,Calle 80 #10-15,Plan Básico,Error DNS,Reconfigurar DNS,dns_fix.png - Error: no such window: target window already closed
from unknown error: web view not found
  (Session info: chrome=136.0.7103.114)
Error general en registro (intento 2): CANAL DIGITAL,SUMA,HOGARES,FTTH,CC,1000454404,SANDRA FONSECA,3187654321,856281304,0205,9054,BOGOTA,ADECUACIONES,ACC12004,Calle 80 #10-15,Plan Básico,Error DNS,Reconfigurar DNS,dns_fix.png - Error: no such window: target window already closed
from unknown error: web view not found
  (Session info: chrome=136.0.7103.114)
✗ Registro falló después de 2 intentos por error general
Error general en registro (intento 1): ESCRITA,SUMA,HOGARES,FTTH,CC,1000454405,LUIS ZAPATA,3134567890,856281305,0206,9055,BOGOTA,ADECUACIONES,ACC12005,Cra 40 #22-33,Plan Avanzado,Desincronización,Reiniciar ONT,sync_issue.png - Error: no such window: target window already closed
from unknown error: web view not found
  (Session info: chrome=136.0.7103.114)
Error general en registro (intento 2): ESCRITA,SUMA,HOGARES,FTTH,CC,1000454405,LUIS ZAPATA,3134567890,856281305,0206,9055,BOGOTA,ADECUACIONES,ACC12005,Cra 40 #22-33,Plan Avanzado,Desincronización,Reiniciar ONT,sync_issue.png - Error: no such window: target window already closed
from unknown error: web view not found
  (Session info: chrome=136.0.7103.114)
✗ Registro falló después de 2 intentos por error general
Error general en registro (intento 1): VENTAS,SUMA,HOGARES,FTTH,CC,1000454406,ANA BELTRÁN,3191122334,856281306,0207,9056,BOGOTA,ADECUACIONES,ACC12006,Calle 60 #20-22,Plan Pro,No navega en páginas https,Verificar puertos y firewall,https_blocked.png - Error: no such window: target window already closed
from unknown error: web view not found
  (Session info: chrome=136.0.7103.114)
Error general en registro (intento 2): VENTAS,SUMA,HOGARES,FTTH,CC,1000454406,ANA BELTRÁN,3191122334,856281306,0207,9056,BOGOTA,ADECUACIONES,ACC12006,Calle 60 #20-22,Plan Pro,No navega en páginas https,Verificar puertos y firewall,https_blocked.png - Error: no such window: target window already closed
from unknown error: web view not found
  (Session info: chrome=136.0.7103.114)
✗ Registro falló después de 2 intentos por error general
Error general en registro (intento 1): LINEA ESPECIAL,SIEBEL SOMOS Y CONVERGENTE,HOGARES,FTTH,CC,1000454407,CRISTIAN VÉLEZ,3059988776,856281307,0208,9057,BOGOTA,ADECUACIONES,ACC12007,Cra 33 #44-55,Plan Básico,Servicio muy lento,Cambio de canal WiFi,wifi_channel.png - Error: no such window: target window already closed
from unknown error: web view not found
  (Session info: chrome=136.0.7103.114)
Error general en registro (intento 2): LINEA ESPECIAL,SIEBEL SOMOS Y CONVERGENTE,HOGARES,FTTH,CC,1000454407,CRISTIAN VÉLEZ,3059988776,856281307,0208,9057,BOGOTA,ADECUACIONES,ACC12007,Cra 33 #44-55,Plan Básico,Servicio muy lento,Cambio de canal WiFi,wifi_channel.png - Error: no such window: target window already closed
from unknown error: web view not found
  (Session info: chrome=136.0.7103.114)
✗ Registro falló después de 2 intentos por error general
Error general en registro (intento 1): ASEGURAMIENTO,SUMA,HOGARES,FTTH,CC,1000454408,PAULA NIETO,3173344556,856281308,0209,9058,BOGOTA,ADECUACIONES,ACC12008,Calle 25 #66-77,Plan Avanzado,LED rojo en ONT,Validar fibra óptica,red_led.png - Error: no such window: target window already closed
from unknown error: web view not found
  (Session info: chrome=136.0.7103.114)
Error general en registro (intento 2): ASEGURAMIENTO,SUMA,HOGARES,FTTH,CC,1000454408,PAULA NIETO,3173344556,856281308,0209,9058,BOGOTA,ADECUACIONES,ACC12008,Calle 25 #66-77,Plan Avanzado,LED rojo en ONT,Validar fibra óptica,red_led.png - Error: no such window: target window already closed
from unknown error: web view not found
  (Session info: chrome=136.0.7103.114)
✗ Registro falló después de 2 intentos por error general
Error general en registro (intento 1): REDES SOCIALES,SUMA,HOGARES,FTTH,CC,1000454409,JORGE LIZARAZO,3167788990,856281309,0210,9059,BOGOTA,ADECUACIONES,ACC12009,Cra 15 #88-99,Plan Corporativo,Problemas en videollamadas,Asignar nuevo gateway,videocall_issue.png - Error: no such window: target window already closed
from unknown error: web view not found
  (Session info: chrome=136.0.7103.114)
Error general en registro (intento 2): REDES SOCIALES,SUMA,HOGARES,FTTH,CC,1000454409,JORGE LIZARAZO,3167788990,856281309,0210,9059,BOGOTA,ADECUACIONES,ACC12009,Cra 15 #88-99,Plan Corporativo,Problemas en videollamadas,Asignar nuevo gateway,videocall_issue.png - Error: no such window: target window already closed
from unknown error: web view not found
  (Session info: chrome=136.0.7103.114)
✗ Registro falló después de 2 intentos por error general
Error haciendo clic en opción: no such element: Unable to locate element: {"method":"xpath","selector":"//a[normalize-space(text())='ACC12001']"}
  (Session info: chrome=136.0.7103.114)
Error general en registro (intento 1): ASEGURAMIENTO,SIEBEL SOMOS Y CONVERGENTE,HOGARES,FTTH,CC,1000454401,MARCELA RODRÍGUEZ,3101234567,856281301,0202,9051,BOGOTA,ACC12001,Cra 10 #23-45,Plan Pro,Cortes esporádicos,Actualizar firmware,firmware_update.png - Error: invalid session id: session deleted as the browser has closed the connection
from disconnected: not connected to DevTools
  (Session info: chrome=136.0.7103.114)
Error general en registro (intento 2): ASEGURAMIENTO,SIEBEL SOMOS Y CONVERGENTE,HOGARES,FTTH,CC,1000454401,MARCELA RODRÍGUEZ,3101234567,856281301,0202,9051,BOGOTA,ACC12001,Cra 10 #23-45,Plan Pro,Cortes esporádicos,Actualizar firmware,firmware_update.png - Error: invalid session id
✗ Registro falló después de 2 intentos por error general
Error general en registro (intento 1): LINEA ESPECIAL,SUMA,HOGARES,FTTH,CC,1000454402,LINA PARRA,3012345678,856281302,0203,9052,BOGOTA,ADECUACIONES,ACC12002,Calle 100 #7-89,Plan Avanzado,Alta latencia,Optimizar red,latency_fix.png - Error: invalid session id
Error general en registro (intento 2): LINEA ESPECIAL,SUMA,HOGARES,FTTH,CC,1000454402,LINA PARRA,3012345678,856281302,0203,9052,BOGOTA,ADECUACIONES,ACC12002,Calle 100 #7-89,Plan Avanzado,Alta latencia,Optimizar red,latency_fix.png - Error: invalid session id
✗ Registro falló después de 2 intentos por error general
Error general en registro (intento 1): REDES SOCIALES,SIEBEL SOMOS Y CONVERGENTE,HOGARES,FTTH,CC,1000454403,JULIÁN MEJÍA,3209876543,856281303,0204,9053,BOGOTA,ADECUACIONES,ACC12003,Cra 50 #15-60,Plan Corporativo,Sin respuesta en router,Reemplazo de router,router_change.png - Error: invalid session id
Error general en registro (intento 2): REDES SOCIALES,SIEBEL SOMOS Y CONVERGENTE,HOGARES,FTTH,CC,1000454403,JULIÁN MEJÍA,3209876543,856281303,0204,9053,BOGOTA,ADECUACIONES,ACC12003,Cra 50 #15-60,Plan Corporativo,Sin respuesta en router,Reemplazo de router,router_change.png - Error: invalid session id
✗ Registro falló después de 2 intentos por error general
Error general en registro (intento 1): CANAL DIGITAL,SUMA,HOGARES,FTTH,CC,1000454404,SANDRA FONSECA,3187654321,856281304,0205,9054,BOGOTA,ADECUACIONES,ACC12004,Calle 80 #10-15,Plan Básico,Error DNS,Reconfigurar DNS,dns_fix.png - Error: invalid session id
Error general en registro (intento 2): CANAL DIGITAL,SUMA,HOGARES,FTTH,CC,1000454404,SANDRA FONSECA,3187654321,856281304,0205,9054,BOGOTA,ADECUACIONES,ACC12004,Calle 80 #10-15,Plan Básico,Error DNS,Reconfigurar DNS,dns_fix.png - Error: invalid session id
✗ Registro falló después de 2 intentos por error general
Error general en registro (intento 1): ESCRITA,SUMA,HOGARES,FTTH,CC,1000454405,LUIS ZAPATA,3134567890,856281305,0206,9055,BOGOTA,ADECUACIONES,ACC12005,Cra 40 #22-33,Plan Avanzado,Desincronización,Reiniciar ONT,sync_issue.png - Error: invalid session id
Error general en registro (intento 2): ESCRITA,SUMA,HOGARES,FTTH,CC,1000454405,LUIS ZAPATA,3134567890,856281305,0206,9055,BOGOTA,ADECUACIONES,ACC12005,Cra 40 #22-33,Plan Avanzado,Desincronización,Reiniciar ONT,sync_issue.png - Error: invalid session id
✗ Registro falló después de 2 intentos por error general
Error general en registro (intento 1): VENTAS,SUMA,HOGARES,FTTH,CC,1000454406,ANA BELTRÁN,3191122334,856281306,0207,9056,BOGOTA,ADECUACIONES,ACC12006,Calle 60 #20-22,Plan Pro,No navega en páginas https,Verificar puertos y firewall,https_blocked.png - Error: invalid session id
Error general en registro (intento 2): VENTAS,SUMA,HOGARES,FTTH,CC,1000454406,ANA BELTRÁN,3191122334,856281306,0207,9056,BOGOTA,ADECUACIONES,ACC12006,Calle 60 #20-22,Plan Pro,No navega en páginas https,Verificar puertos y firewall,https_blocked.png - Error: invalid session id
✗ Registro falló después de 2 intentos por error general
Error general en registro (intento 1): LINEA ESPECIAL,SIEBEL SOMOS Y CONVERGENTE,HOGARES,FTTH,CC,1000454407,CRISTIAN VÉLEZ,3059988776,856281307,0208,9057,BOGOTA,ADECUACIONES,ACC12007,Cra 33 #44-55,Plan Básico,Servicio muy lento,Cambio de canal WiFi,wifi_channel.png - Error: invalid session id
Error general en registro (intento 2): LINEA ESPECIAL,SIEBEL SOMOS Y CONVERGENTE,HOGARES,FTTH,CC,1000454407,CRISTIAN VÉLEZ,3059988776,856281307,0208,9057,BOGOTA,ADECUACIONES,ACC12007,Cra 33 #44-55,Plan Básico,Servicio muy lento,Cambio de canal WiFi,wifi_channel.png - Error: invalid session id
✗ Registro falló después de 2 intentos por error general
Error general en registro (intento 1): ASEGURAMIENTO,SUMA,HOGARES,FTTH,CC,1000454408,PAULA NIETO,3173344556,856281308,0209,9058,BOGOTA,ADECUACIONES,ACC12008,Calle 25 #66-77,Plan Avanzado,LED rojo en ONT,Validar fibra óptica,red_led.png - Error: invalid session id
Error general en registro (intento 2): ASEGURAMIENTO,SUMA,HOGARES,FTTH,CC,1000454408,PAULA NIETO,3173344556,856281308,0209,9058,BOGOTA,ADECUACIONES,ACC12008,Calle 25 #66-77,Plan Avanzado,LED rojo en ONT,Validar fibra óptica,red_led.png - Error: invalid session id
✗ Registro falló después de 2 intentos por error general
Error general en registro (intento 1): REDES SOCIALES,SUMA,HOGARES,FTTH,CC,1000454409,JORGE LIZARAZO,3167788990,856281309,0210,9059,BOGOTA,ADECUACIONES,ACC12009,Cra 15 #88-99,Plan Corporativo,Problemas en videollamadas,Asignar nuevo gateway,videocall_issue.png - Error: invalid session id
Error general en registro (intento 2): REDES SOCIALES,SUMA,HOGARES,FTTH,CC,1000454409,JORGE LIZARAZO,3167788990,856281309,0210,9059,BOGOTA,ADECUACIONES,ACC12009,Cra 15 #88-99,Plan Corporativo,Problemas en videollamadas,Asignar nuevo gateway,videocall_issue.png - Error: invalid session id
✗ Registro falló después de 2 intentos por error general
