Enlace 'CONTROL FRAUDE' clickeado exitosamente
Campo ErrorPresentado completado exitosamente
Campo SolucionRequerida completado exitosamente
Hubo errores al procesar el formulario. Revisar errores_bot.log para detalles
Enlace 'CONTROL FRAUDE' clickeado exitosamente
Checkbox RECONEXION CONTROL PREVENTIVA seleccionado
Campo ErrorPresentado completado exitosamente
Campo SolucionRequerida completado exitosamente
Formulario procesado exitosamente - Enlace: 'CONTROL FRAUDE', Checkbox: 'RECONEXION CONTROL PREVENTIVA'
Enlace 'CONTROL FRAUDE' clickeado exitosamente
Checkbox RECONEXION CONTROL PREVENTIVA seleccionado
Campo ErrorPresentado completado exitosamente
Campo SolucionRequerida completado exitosamente
Formulario procesado exitosamente - Enlace: 'CONTROL FRAUDE', Checkbox: 'RECONEXION CONTROL PREVENTIVA'
Enlace 'CONTROL FRAUDE' clickeado exitosamente
Checkbox RECONEXION CONTROL PREVENTIVA seleccionado
Campo ErrorPresentado completado exitosamente
Campo SolucionRequerida completado exitosamente
Formulario procesado exitosamente - Enlace: 'CONTROL FRAUDE', Checkbox: 'RECONEXION CONTROL PREVENTIVA'
Hubo errores al procesar el formulario. Revisar errores_bot.log para detalles
Enlace 'CONTROL FRAUDE' clickeado exitosamente
Campo ErrorPresentado completado exitosamente
Campo SolucionRequerida completado exitosamente
Hubo errores al procesar el formulario. Revisar errores_bot.log para detalles
Enlace 'CONTROL FRAUDE' clickeado exitosamente
Campo ErrorPresentado completado exitosamente
Campo SolucionRequerida completado exitosamente
Hubo errores al procesar el formulario. Revisar errores_bot.log para detalles
Enlace 'CONTROL FRAUDE' clickeado exitosamente
Campo ErrorPresentado completado exitosamente
Campo SolucionRequerida completado exitosamente
Hubo errores al procesar el formulario. Revisar errores_bot.log para detalles
Enlace 'CONTROL FRAUDE' clickeado exitosamente
Hubo errores al procesar el formulario. Revisar errores_bot.log para detalles
Enlace 'CONTROL FRAUDE' clickeado exitosamente
Opción 'RECONEXION CONTROL PREVENTIVA' seleccionada exitosamente con selector: //option[contains(text(), "RECONEXION CONTROL PREVENTIVA")]
Campo ErrorPresentado completado exitosamente
Campo SolucionRequerida completado exitosamente
Formulario procesado exitosamente - Enlace: 'CONTROL FRAUDE', Opción: 'RECONEXION CONTROL PREVENTIVA'
Enlace 'CONTROL FRAUDE' clickeado exitosamente
Opción 'RECONEXION CONTROL PREVENTIVA' seleccionada exitosamente con selector: //option[normalize-space(text())="RECONEXION CONTROL PREVENTIVA"]
Campo ErrorPresentado completado exitosamente
Campo SolucionRequerida completado exitosamente
Formulario procesado exitosamente - Enlace: 'CONTROL FRAUDE', Opción: 'RECONEXION CONTROL PREVENTIVA'
Enlace 'CONTROL FRAUDE' clickeado exitosamente
Hubo errores al procesar el formulario. Revisar errores_bot.log para detalles
✓ ENTRANDO A MOTIVO ECONOMICO
Campo ErrorPresentado completado exitosamente
Campo SolucionRequerida completado exitosamente
Intentando seleccionar opción del submenu: 'MOTIVO ECONOMICO'
Campo DireccionDestino completado exitosamente con: 'CALLE 3 65 C 29'
Campo SoportePQR completado exitosamente con: 'PQR2005'
Campo ErrorPresentado completado exitosamente
Campo SolucionRequerida completado exitosamente
Menú desplegable abierto
Intentando seleccionar opción del submenu: 'MOTIVO ECONOMICO'
Opición 'MOTIVO ECONOMICO' seleccionada
Campo DireccionDestino completado exitosamente con: 'CALLE 3 65 C 29'
Campo SoportePQR completado exitosamente con: 'PQR2005'
Campo ErrorPresentado completado exitosamente
Campo SolucionRequerida completado exitosamente
Enlace 'CONTROL FRAUDE' clickeado exitosamente
Campo ErrorPresentado completado exitosamente
Campo SolucionRequerida completado exitosamente
Hubo errores al procesar el formulario. Revisar errores_bot.log para detalles
Enlace 'CONTROL FRAUDE' clickeado exitosamente
Menú desplegable abierto
Intentando seleccionar opción del submenu: 'RECONEXION CONTROL PREVENTIVA'
Checkbox RECONEXION CONTROL PREVENTIVA seleccionado
Campo ErrorPresentado completado exitosamente
Campo SolucionRequerida completado exitosamente
Formulario procesado exitosamente - Enlace: 'CONTROL FRAUDE', Checkbox: 'RECONEXION CONTROL PREVENTIVA'
Menú desplegable abierto
Intentando seleccionar opción del submenu: 'MOTIVO ECONOMICO'
Opición 'MOTIVO ECONOMICO' seleccionada
Campo SoportePQR completado exitosamente con: 'PQR2005'
Campo DireccionDestino completado exitosamente con: 'CALLE 3 65 C 29'
Campo ErrorPresentado completado exitosamente
Campo SolucionRequerida completado exitosamente
--- Procesando campo: FechaInicio (índice: 16) ---
Procesando campo FechaInicio con valor: '05/03/2025'
Campo FechaInicio procesado exitosamente
--- Procesando campo: FechaFin (índice: 17) ---
Procesando campo FechaFin con valor: '11/05/2025'
Campo FechaFin procesado exitosamente
--- Procesando campo: PlanoPredio (índice: 18) ---
Procesando campo PlanoPredio con valor: 'DESCUENTO AUN MAS PRO MAX 25%'
--- Procesando campo: SoportePQR (índice: 15) ---
Procesando campo SoportePQR con valor: 'PQR2005'
Campo SoportePQR procesado exitosamente
--- Procesando campo: MesesAplicarDescuentoManual (índice: 19) ---
Procesando campo MesesAplicarDescuentoManual con valor: 'MARZO - MAYO'
Campo MesesAplicarDescuentoManual procesado exitosamente
--- Procesando campo: Porcentaje (índice: 20) ---
Procesando campo Porcentaje con valor: '25%'
Hubo errores al procesar algunos campos del primer formulario. Revisar errores_bot.log para detalles
=== LLENANDO SEGUNDO FORMULARIO (TEXTAREAS) ===
--- Procesando textarea: ErrorPresentado (índice: 21) ---
Procesando textarea ErrorPresentado con valor: 'No especificada'
Textarea ErrorPresentado completada exitosamente
--- Procesando textarea: SolucionRequerida (índice: 22) ---
Procesando textarea SolucionRequerida con valor: 'Ninguna'
Textarea SolucionRequerida completada exitosamente
=== PROCESAMIENTO COMPLETO ===
--- Procesando campo: FechaInicio (índice: 16) ---
Procesando campo FechaInicio con valor: '05/03/2025'
Campo FechaInicio procesado exitosamente
--- Procesando campo: FechaFin (índice: 17) ---
Procesando campo FechaFin con valor: '11/05/2025'
Campo FechaFin procesado exitosamente
--- Procesando campo: PlanoPredio (índice: 18) ---
Procesando campo PlanoPredio con valor: 'DESCUENTO AUN MAS PRO MAX 25%'
--- Procesando campo: SoportePQR (índice: 15) ---
Procesando campo SoportePQR con valor: 'PQR2005'
Campo SoportePQR procesado exitosamente
--- Procesando campo: MesesAplicarDescuentoManual (índice: 19) ---
Procesando campo MesesAplicarDescuentoManual con valor: 'MARZO - MAYO'
Campo MesesAplicarDescuentoManual procesado exitosamente
--- Procesando campo: Porcentaje (índice: 20) ---
Procesando campo Porcentaje con valor: '25'
Campo Porcentaje procesado exitosamente
Hubo errores al procesar algunos campos del primer formulario. Revisar errores_bot.log para detalles
=== LLENANDO SEGUNDO FORMULARIO (TEXTAREAS) ===
--- Procesando textarea: ErrorPresentado (índice: 21) ---
Procesando textarea ErrorPresentado con valor: 'No especificada'
Textarea ErrorPresentado completada exitosamente
--- Procesando textarea: SolucionRequerida (índice: 22) ---
Procesando textarea SolucionRequerida con valor: 'Ninguna'
Textarea SolucionRequerida completada exitosamente
=== PROCESAMIENTO COMPLETO ===
